This is LuaHBTeX, Version 1.12.0 (TeX Live 2020/Debian)  (format=lualatex 2020.10.25)  3 FEB 2021 10:42
 system commands enabled.
**dodec.tex
(./dodec.tex
LaTeX2e <2020-02-02> patch level 5
Lua module: luaotfload-main 2020-05-06 3.14 luaotfload entry point
Lua module: luaotfload-init 2020-05-06 3.14 luaotfload submodule / initializatio
n
Lua module: lualibs 2020-05-01 2.71 ConTeXt Lua standard libraries.
Lua module: lualibs-extended 2020-05-01 2.71 ConTeXt Lua libraries -- extended c
ollection.
Lua module: luaotfload-log 2020-05-06 3.14 luaotfload submodule / logging
Lua module: luaotfload-parsers 2020-05-06 3.14 luaotfload submodule / filelist
Lua module: luaotfload-configuration 2020-05-06 3.14 luaotfload submodule / conf
ig file reader
luaotfload | conf : Root cache directory is "/home/al/.texlive2020/texmf-var/lua
tex-cache/generic-dev/names".
luaotfload | init : Loading fontloader "fontloader-2020-05-06.lua" from kpse-res
olved path "/usr/share/texlive/texmf-dist/tex/luatex/luaotfload/fontloader-2020-
05-06.lua".
Lua-only attribute luaotfload@noligature = 1
Lua-only attribute luaotfload@syllabe = 2
luaotfload | init : Context OpenType loader version 0x1.8e353f7ced917p+1
Lua module: luaotfload-fallback 2020-05-06 3.14 luaotfload submodule / fallback
Lua module: luaotfload-multiscript 2020-05-06 3.14 luaotfload submodule / multis
cript
Lua module: luaotfload-script 2020-05-06 3.14 luaotfload submodule / Script help
ers
Inserting `luaotfload.node_processor' at position 1 in `pre_linebreak_filter'.
Inserting `luaotfload.node_processor' at position 1 in `hpack_filter'.
Lua module: luaotfload-loaders 2020-05-06 3.14 luaotfload submodule / callback h
andling
Inserting `luaotfload.define_font' at position 1 in `define_font'.
Lua module: luaotfload-database 2020-05-06 3.14 luaotfload submodule / database
Lua module: luaotfload-unicode 2020-05-06 3.14 luaotfload submodule / Unicode he
lpers
Lua module: luaotfload-colors 2020-05-06 3.14 luaotfload submodule / color
Lua-only attribute luaotfload_color_attribute = 3
Lua module: luaotfload-resolvers 2020-05-06 3.14 luaotfload submodule / resolver
s
luaotfload | conf : Root cache directory is "/home/al/.texlive2020/texmf-var/lua
tex-cache/generic-dev/names".
Lua module: luaotfload-features 2020-05-06 3.14 luaotfload submodule / features
Lua module: luaotfload-harf-define 2020-05-06 3.14 luaotfload submodule / databa
se
Inserting `luaotfload.harf.strip_prefix' at position 1 in `find_opentype_file'.
Inserting `luaotfload.harf.strip_prefix' at position 1 in `find_truetype_file'.
Lua module: luaotfload-harf-plug 2020-05-06 3.14 luaotfload submodule / database
Inserting `Harf pre_output_filter callback' at position 1 in `pre_output_filter'
.
Inserting `Harf wrapup_run callback' at position 1 in `wrapup_run'.
Inserting `Harf finish_pdffile callback' at position 1 in `finish_pdffile'.
Inserting `Harf glyph_info callback' at position 1 in `glyph_info'.
Lua module: luaotfload-letterspace 2020-05-06 3.14 luaotfload submodule / color
Lua module: luaotfload-embolden 2020-05-06 3.14 luaotfload submodule / color
Lua module: luaotfload-notdef 2020-05-06 3.14 luaotfload submodule / color
Lua module: luaotfload-suppress 2020-05-06 3.14 luaotfload submodule / suppress
Lua module: luaotfload-szss 2020-05-06 3.14 luaotfload submodule / color
Lua module: luaotfload-auxiliary 2020-05-06 3.14 luaotfload submodule / auxiliar
y functions
Inserting `luaotfload.aux.set_sscale_dimens' at position 1 in `luaotfload.patch_
font'.
Inserting `luaotfload.aux.set_font_index' at position 2 in `luaotfload.patch_fon
t'.
Inserting `luaotfload.aux.patch_cambria_domh' at position 3 in `luaotfload.patch
_font'.
Inserting `luaotfload.aux.fixup_fontdata' at position 1 in `luaotfload.patch_fon
t_unsafe'.
Inserting `luaotfload.aux.set_capheight' at position 4 in `luaotfload.patch_font
'.
Inserting `luaotfload.aux.set_xheight' at position 5 in `luaotfload.patch_font'.
Lua module: luaotfload-tounicode 2020-05-06 3.14 luaotfload submodule / tounicod
e
Inserting `luaotfload.rewrite_fontname' at position 6 in `luaotfload.patch_font'
. L3 programming layer <2020-07-17> (./arlticle.cls
Document Class: arlticle 2020/11/30 v2.70 ARL Technical Report Document Class Fi
le
(./needspace.sty
Package: needspace 2009/09/03 v1.3b reserve vertical space
)
(/usr/share/texlive/texmf-dist/tex/latex/setspace/setspace.sty
Package: setspace 2011/12/19 v6.7a set line spacing
)
(/usr/share/texlive/texmf-dist/tex/latex/xcolor/xcolor.sty
Package: xcolor 2016/05/11 v2.12 LaTeX color extensions (UK)

(/usr/share/texlive/texmf-dist/tex/latex/graphics-cfg/color.cfg
File: color.cfg 2016/01/02 v1.6 sample color configuration
)
Package xcolor Info: Driver file: luatex.def on input line 225.

(/usr/share/texlive/texmf-dist/tex/latex/graphics-def/luatex.def
File: luatex.def 2018/01/08 v1.0l Graphics/color driver for luatex
)
(/usr/share/texlive/texmf-dist/tex/latex/colortbl/colortbl.sty
Package: colortbl 2020/01/04 v1.0e Color table columns (DPC)

(/usr/share/texlive/texmf-dist/tex/latex/tools/array.sty
Package: array 2019/08/31 v2.4l Tabular extension package (FMi)
\col@sep=\dimen134
\ar@mcellbox=\box45
\extrarowheight=\dimen135
\NC@list=\toks15
\extratabsurround=\skip47
\backup@length=\skip48
\ar@cellbox=\box46
)
\everycr=\toks16
\minrowclearance=\skip49
)
\rownum=\count164
Package xcolor Info: Model `cmy' substituted by `cmy0' on input line 1348.
Package xcolor Info: Model `hsb' substituted by `rgb' on input line 1352.
Package xcolor Info: Model `RGB' extended on input line 1364.
Package xcolor Info: Model `HTML' substituted by `rgb' on input line 1366.
Package xcolor Info: Model `Hsb' substituted by `hsb' on input line 1367.
Package xcolor Info: Model `tHsb' substituted by `hsb' on input line 1368.
Package xcolor Info: Model `HSB' substituted by `hsb' on input line 1369.
Package xcolor Info: Model `Gray' substituted by `gray' on input line 1370.
Package xcolor Info: Model `wave' substituted by `hsb' on input line 1371.
)
(/usr/share/texlive/texmf-dist/tex/latex/base/ifthen.sty
Package: ifthen 2014/09/29 v1.1c Standard LaTeX ifthen package (DPC)
)
(/usr/share/texlive/texmf-dist/tex/latex/pgf/basiclayer/pgf.sty
(/usr/share/texlive/texmf-dist/tex/latex/pgf/utilities/pgfrcs.sty
(/usr/share/texlive/texmf-dist/tex/generic/pgf/utilities/pgfutil-common.tex
\pgfutil@everybye=\toks17
\pgfutil@tempdima=\dimen136
\pgfutil@tempdimb=\dimen137

(/usr/share/texlive/texmf-dist/tex/generic/pgf/utilities/pgfutil-common-lists.t
ex)) (/usr/share/texlive/texmf-dist/tex/generic/pgf/utilities/pgfutil-latex.def
\pgfutil@abb=\box47
(/usr/share/texlive/texmf-dist/tex/latex/ms/everyshi.sty
Package: everyshi 2001/05/15 v3.00 EveryShipout Package (MS)
))
(/usr/share/texlive/texmf-dist/tex/generic/pgf/utilities/pgfrcs.code.tex
(/usr/share/texlive/texmf-dist/tex/generic/pgf/pgf.revision.tex)
Package: pgfrcs 2020/01/08 v3.1.5b (3.1.5b)
))
Package: pgf 2020/01/08 v3.1.5b (3.1.5b)

(/usr/share/texlive/texmf-dist/tex/latex/pgf/basiclayer/pgfcore.sty
(/usr/share/texlive/texmf-dist/tex/latex/graphics/graphicx.sty
Package: graphicx 2019/11/30 v1.2a Enhanced LaTeX Graphics (DPC,SPQR)

(/usr/share/texlive/texmf-dist/tex/latex/graphics/keyval.sty
Package: keyval 2014/10/28 v1.15 key=value parser (DPC)
\KV@toks@=\toks18
)
(/usr/share/texlive/texmf-dist/tex/latex/graphics/graphics.sty
Package: graphics 2019/11/30 v1.4a Standard LaTeX Graphics (DPC,SPQR)

(/usr/share/texlive/texmf-dist/tex/latex/graphics/trig.sty
Package: trig 2016/01/03 v1.10 sin cos tan (DPC)
)
(/usr/share/texlive/texmf-dist/tex/latex/graphics-cfg/graphics.cfg
File: graphics.cfg 2016/06/04 v1.11 sample graphics configuration
)
Package graphics Info: Driver file: luatex.def on input line 105.
)
\Gin@req@height=\dimen138
\Gin@req@width=\dimen139
)
(/usr/share/texlive/texmf-dist/tex/latex/pgf/systemlayer/pgfsys.sty
(/usr/share/texlive/texmf-dist/tex/generic/pgf/systemlayer/pgfsys.code.tex
Package: pgfsys 2020/01/08 v3.1.5b (3.1.5b)

(/usr/share/texlive/texmf-dist/tex/generic/pgf/utilities/pgfkeys.code.tex
\pgfkeys@pathtoks=\toks19
\pgfkeys@temptoks=\toks20

(/usr/share/texlive/texmf-dist/tex/generic/pgf/utilities/pgfkeysfiltered.code.t
ex
\pgfkeys@tmptoks=\toks21
))
\pgf@x=\dimen140
\pgf@y=\dimen141
\pgf@xa=\dimen142
\pgf@ya=\dimen143
\pgf@xb=\dimen144
\pgf@yb=\dimen145
\pgf@xc=\dimen146
\pgf@yc=\dimen147
\pgf@xd=\dimen148
\pgf@yd=\dimen149
\w@pgf@writea=\write3
\r@pgf@reada=\read2
\c@pgf@counta=\count165
\c@pgf@countb=\count166
\c@pgf@countc=\count167
\c@pgf@countd=\count168
\t@pgf@toka=\toks22
\t@pgf@tokb=\toks23
\t@pgf@tokc=\toks24
\pgf@sys@id@count=\count169
 (/usr/share/texlive/texmf-dist/tex/generic/pgf/systemlayer/pgf.cfg
File: pgf.cfg 2020/01/08 v3.1.5b (3.1.5b)
)
Driver file for pgf: pgfsys-luatex.def

(/usr/share/texlive/texmf-dist/tex/generic/pgf/systemlayer/pgfsys-luatex.def
File: pgfsys-luatex.def 2020/01/08 v3.1.5b (3.1.5b)

(/usr/share/texlive/texmf-dist/tex/generic/pgf/systemlayer/pgfsys-common-pdf.de
f
File: pgfsys-common-pdf.def 2020/01/08 v3.1.5b (3.1.5b)
)))
(/usr/share/texlive/texmf-dist/tex/generic/pgf/systemlayer/pgfsyssoftpath.code.
tex
File: pgfsyssoftpath.code.tex 2020/01/08 v3.1.5b (3.1.5b)
\pgfsyssoftpath@smallbuffer@items=\count170
\pgfsyssoftpath@bigbuffer@items=\count171
)
(/usr/share/texlive/texmf-dist/tex/generic/pgf/systemlayer/pgfsysprotocol.code.
tex
File: pgfsysprotocol.code.tex 2020/01/08 v3.1.5b (3.1.5b)
))
(/usr/share/texlive/texmf-dist/tex/generic/pgf/basiclayer/pgfcore.code.tex
Package: pgfcore 2020/01/08 v3.1.5b (3.1.5b)

(/usr/share/texlive/texmf-dist/tex/generic/pgf/math/pgfmath.code.tex
(/usr/share/texlive/texmf-dist/tex/generic/pgf/math/pgfmathcalc.code.tex
(/usr/share/texlive/texmf-dist/tex/generic/pgf/math/pgfmathutil.code.tex)
(/usr/share/texlive/texmf-dist/tex/generic/pgf/math/pgfmathparser.code.tex
\pgfmath@dimen=\dimen150
\pgfmath@count=\count172
\pgfmath@box=\box48
\pgfmath@toks=\toks25
\pgfmath@stack@operand=\toks26
\pgfmath@stack@operation=\toks27
)
(/usr/share/texlive/texmf-dist/tex/generic/pgf/math/pgfmathfunctions.code.tex
(/usr/share/texlive/texmf-dist/tex/generic/pgf/math/pgfmathfunctions.basic.code
.tex)
(/usr/share/texlive/texmf-dist/tex/generic/pgf/math/pgfmathfunctions.trigonomet
ric.code.tex)
(/usr/share/texlive/texmf-dist/tex/generic/pgf/math/pgfmathfunctions.random.cod
e.tex)
(/usr/share/texlive/texmf-dist/tex/generic/pgf/math/pgfmathfunctions.comparison
.code.tex)
(/usr/share/texlive/texmf-dist/tex/generic/pgf/math/pgfmathfunctions.base.code.
tex)
(/usr/share/texlive/texmf-dist/tex/generic/pgf/math/pgfmathfunctions.round.code
.tex)
(/usr/share/texlive/texmf-dist/tex/generic/pgf/math/pgfmathfunctions.misc.code.
tex)
(/usr/share/texlive/texmf-dist/tex/generic/pgf/math/pgfmathfunctions.integerari
thmetics.code.tex)))
(/usr/share/texlive/texmf-dist/tex/generic/pgf/math/pgfmathfloat.code.tex
\c@pgfmathroundto@lastzeros=\count173
))
(/usr/share/texlive/texmf-dist/tex/generic/pgf/math/pgfint.code.tex)
(/usr/share/texlive/texmf-dist/tex/generic/pgf/basiclayer/pgfcorepoints.code.te
x
File: pgfcorepoints.code.tex 2020/01/08 v3.1.5b (3.1.5b)
\pgf@picminx=\dimen151
\pgf@picmaxx=\dimen152
\pgf@picminy=\dimen153
\pgf@picmaxy=\dimen154
\pgf@pathminx=\dimen155
\pgf@pathmaxx=\dimen156
\pgf@pathminy=\dimen157
\pgf@pathmaxy=\dimen158
\pgf@xx=\dimen159
\pgf@xy=\dimen160
\pgf@yx=\dimen161
\pgf@yy=\dimen162
\pgf@zx=\dimen163
\pgf@zy=\dimen164
luaotfload | db : Font names database loaded from /home/al/.texlive2020/texmf-va
r/luatex-cache/generic-dev/names/luaotfload-names.luc)
(/usr/share/texlive/texmf-dist/tex/generic/pgf/basiclayer/pgfcorepathconstruct.
code.tex
File: pgfcorepathconstruct.code.tex 2020/01/08 v3.1.5b (3.1.5b)
\pgf@path@lastx=\dimen165
\pgf@path@lasty=\dimen166
)
(/usr/share/texlive/texmf-dist/tex/generic/pgf/basiclayer/pgfcorepathusage.code
.tex
File: pgfcorepathusage.code.tex 2020/01/08 v3.1.5b (3.1.5b)
\pgf@shorten@end@additional=\dimen167
\pgf@shorten@start@additional=\dimen168
)
(/usr/share/texlive/texmf-dist/tex/generic/pgf/basiclayer/pgfcorescopes.code.te
x
File: pgfcorescopes.code.tex 2020/01/08 v3.1.5b (3.1.5b)
\pgfpic=\box49
\pgf@hbox=\box50
\pgf@layerbox@main=\box51
\pgf@picture@serial@count=\count174
)
(/usr/share/texlive/texmf-dist/tex/generic/pgf/basiclayer/pgfcoregraphicstate.c
ode.tex
File: pgfcoregraphicstate.code.tex 2020/01/08 v3.1.5b (3.1.5b)
\pgflinewidth=\dimen169
)
(/usr/share/texlive/texmf-dist/tex/generic/pgf/basiclayer/pgfcoretransformation
s.code.tex
File: pgfcoretransformations.code.tex 2020/01/08 v3.1.5b (3.1.5b)
\pgf@pt@x=\dimen170
\pgf@pt@y=\dimen171
\pgf@pt@temp=\dimen172
)
(/usr/share/texlive/texmf-dist/tex/generic/pgf/basiclayer/pgfcorequick.code.tex
File: pgfcorequick.code.tex 2020/01/08 v3.1.5b (3.1.5b)
)
(/usr/share/texlive/texmf-dist/tex/generic/pgf/basiclayer/pgfcoreobjects.code.t
ex
File: pgfcoreobjects.code.tex 2020/01/08 v3.1.5b (3.1.5b)
)
(/usr/share/texlive/texmf-dist/tex/generic/pgf/basiclayer/pgfcorepathprocessing
.code.tex
File: pgfcorepathprocessing.code.tex 2020/01/08 v3.1.5b (3.1.5b)
)
(/usr/share/texlive/texmf-dist/tex/generic/pgf/basiclayer/pgfcorearrows.code.te
x
File: pgfcorearrows.code.tex 2020/01/08 v3.1.5b (3.1.5b)
\pgfarrowsep=\dimen173
)
(/usr/share/texlive/texmf-dist/tex/generic/pgf/basiclayer/pgfcoreshade.code.tex
File: pgfcoreshade.code.tex 2020/01/08 v3.1.5b (3.1.5b)
\pgf@max=\dimen174
\pgf@sys@shading@range@num=\count175
\pgf@shadingcount=\count176
)
(/usr/share/texlive/texmf-dist/tex/generic/pgf/basiclayer/pgfcoreimage.code.tex
File: pgfcoreimage.code.tex 2020/01/08 v3.1.5b (3.1.5b)

(/usr/share/texlive/texmf-dist/tex/generic/pgf/basiclayer/pgfcoreexternal.code.
tex
File: pgfcoreexternal.code.tex 2020/01/08 v3.1.5b (3.1.5b)
\pgfexternal@startupbox=\box52
))
(/usr/share/texlive/texmf-dist/tex/generic/pgf/basiclayer/pgfcorelayers.code.te
x
File: pgfcorelayers.code.tex 2020/01/08 v3.1.5b (3.1.5b)
)
(/usr/share/texlive/texmf-dist/tex/generic/pgf/basiclayer/pgfcoretransparency.c
ode.tex
File: pgfcoretransparency.code.tex 2020/01/08 v3.1.5b (3.1.5b)
)
(/usr/share/texlive/texmf-dist/tex/generic/pgf/basiclayer/pgfcorepatterns.code.
tex
File: pgfcorepatterns.code.tex 2020/01/08 v3.1.5b (3.1.5b)
)
(/usr/share/texlive/texmf-dist/tex/generic/pgf/basiclayer/pgfcorerdf.code.tex
File: pgfcorerdf.code.tex 2020/01/08 v3.1.5b (3.1.5b)
)))
(/usr/share/texlive/texmf-dist/tex/generic/pgf/modules/pgfmoduleshapes.code.tex
File: pgfmoduleshapes.code.tex 2020/01/08 v3.1.5b (3.1.5b)
\pgfnodeparttextbox=\box53
) (/usr/share/texlive/texmf-dist/tex/generic/pgf/modules/pgfmoduleplot.code.tex
File: pgfmoduleplot.code.tex 2020/01/08 v3.1.5b (3.1.5b)
)
(/usr/share/texlive/texmf-dist/tex/latex/pgf/compatibility/pgfcomp-version-0-65
.sty
Package: pgfcomp-version-0-65 2020/01/08 v3.1.5b (3.1.5b)
\pgf@nodesepstart=\dimen175
\pgf@nodesepend=\dimen176
)
(/usr/share/texlive/texmf-dist/tex/latex/pgf/compatibility/pgfcomp-version-1-18
.sty
Package: pgfcomp-version-1-18 2020/01/08 v3.1.5b (3.1.5b)
)) (./stackengine.sty
Package: stackengine 2016/10/04 v4.00\ Stacking text and objects in convenient w
ays

(/usr/share/texlive/texmf-dist/tex/latex/etoolbox/etoolbox.sty
Package: etoolbox 2020/07/15 v2.5i e-TeX tools for LaTeX (JAW)
\etb@tempcnta=\count177
)
(./listofitems.sty
(/usr/share/texlive/texmf-dist/tex/generic/listofitems/listofitems.tex
Package: 2019/08/21 v1.63 Grab items in lists using user-specified sep char (CT)

\loi_cnt_foreach_nest=\count178
\loi_nestcnt=\count179
)
Package: listofitems 2019/08/21 v1.63 Grab items in lists using user-specified s
ep char (CT)
)
(/usr/share/texlive/texmf-dist/tex/latex/tools/calc.sty
Package: calc 2017/05/25 v4.3 Infix arithmetic (KKT,FJ)
\calc@Acount=\count180
\calc@Bcount=\count181
\calc@Adimen=\dimen177
\calc@Bdimen=\dimen178
\calc@Askip=\skip50
\calc@Bskip=\skip51
LaTeX Info: Redefining \setlength on input line 80.
LaTeX Info: Redefining \addtolength on input line 81.
\calc@Ccount=\count182
\calc@Cskip=\skip52
)
\c@@stackindex=\count183
\@boxshift=\skip53
\stack@tmplength=\skip54
\temp@stkl=\skip55
\@stackedboxwidth=\skip56
\@addedbox=\box54
\@anchorbox=\box55
\stackedbox=\box56
\@centerbox=\box57
\c@ROWcellindex@=\count184
) (./everypage.sty
Package: everypage 2007/06/20 1.1 Hooks to run on every page
)
(/usr/share/texlive/texmf-dist/tex/latex/base/fontenc.sty
Package: fontenc 2020/02/11 v2.0o Standard LaTeX package
LaTeX Font Info:    Trying to load font information for T1+lmr on input line 112
.

(/usr/share/texmf/tex/latex/lm/t1lmr.fd
File: t1lmr.fd 2009/10/30 v1.6 Font defs for Latin Modern
)) (./changepage.sty
Package: changepage 2009/10/20 v1.0c check page and change page layout
\c@cp@cntr=\count185
\cp@tempcnt=\count186
) (./ARLtimes.sty
Package: ARLtimes 2019/06/27

(./opensans.sty
Package: opensans 2011/11/11 Opensans
 (./slantsc.sty
Package: slantsc 2012/01/01 v2.11 Provide Slanted an Italic Small Caps
LaTeX Info: Redefining \upshape on input line 35.
LaTeX Info: Redefining \slshape on input line 45.
LaTeX Info: Redefining \itshape on input line 55.
LaTeX Info: Redefining \scshape on input line 65.
)))
(/usr/share/texlive/texmf-dist/tex/latex/geometry/geometry.sty
Package: geometry 2020/01/02 v5.9 Page Geometry

(/usr/share/texlive/texmf-dist/tex/generic/iftex/ifvtex.sty
Package: ifvtex 2019/10/25 v1.7 ifvtex legacy package. Use iftex instead.

(/usr/share/texlive/texmf-dist/tex/generic/iftex/iftex.sty
Package: iftex 2020/03/06 v1.0d TeX engine tests
))
\Gm@cnth=\count187
\Gm@cntv=\count188
\c@Gm@tempcnt=\count189
\Gm@bindingoffset=\dimen179
\Gm@wd@mp=\dimen180
\Gm@odd@mp=\dimen181
\Gm@even@mp=\dimen182
\Gm@layoutwidth=\dimen183
\Gm@layoutheight=\dimen184
\Gm@layouthoffset=\dimen185
\Gm@layoutvoffset=\dimen186
\Gm@dimlist=\toks28
)
(/usr/share/texlive/texmf-dist/tex/latex/cite/cite.sty
LaTeX Info: Redefining \cite on input line 302.
LaTeX Info: Redefining \nocite on input line 332.
Package: cite 2015/02/27  v 5.5
LaTeX Info: Redefining \cite on input line 441.
)
(/usr/share/texlive/texmf-dist/tex/latex/base/size12.clo
File: size12.clo 2019/12/20 v1.4l Standard LaTeX file (size option)
)
\c@part=\count190
\c@section=\count191
\c@subsection=\count192
\c@subsubsection=\count193
\c@paragraph=\count194
\c@subparagraph=\count195
\Letter@Space=\skip57
\c@figure=\count196
\c@table=\count197
\abovecaptionskip=\skip58
\belowcaptionskip=\skip59
\c@@distreason=\count198
\defaultsectionspace=\skip60
\defaultsubsectionspace=\skip61
\bibindent=\dimen187
\c@refcount=\count199
\c@citefn=\count266
\c@appndx=\count267
\c@Lines=\count268

(/usr/share/texlive/texmf-dist/tex/latex/tocloft/tocloft.sty
Package: tocloft 2017/08/31 v2.3i parameterised ToC, etc., typesetting
Package tocloft Info: The document has section divisions on input line 51.
\cftparskip=\skip62
\cftbeforetoctitleskip=\skip63
\cftaftertoctitleskip=\skip64
\cftbeforepartskip=\skip65
\cftpartnumwidth=\skip66
\cftpartindent=\skip67
\cftbeforesecskip=\skip68
\cftsecindent=\skip69
\cftsecnumwidth=\skip70
\cftbeforesubsecskip=\skip71
\cftsubsecindent=\skip72
\cftsubsecnumwidth=\skip73
\cftbeforesubsubsecskip=\skip74
\cftsubsubsecindent=\skip75
\cftsubsubsecnumwidth=\skip76
\cftbeforeparaskip=\skip77
\cftparaindent=\skip78
\cftparanumwidth=\skip79
\cftbeforesubparaskip=\skip80
\cftsubparaindent=\skip81
\cftsubparanumwidth=\skip82
\cftbeforeloftitleskip=\skip83
\cftafterloftitleskip=\skip84
\cftbeforefigskip=\skip85
\cftfigindent=\skip86
\cftfignumwidth=\skip87
\c@lofdepth=\count269
\c@lotdepth=\count270
\cftbeforelottitleskip=\skip88
\cftafterlottitleskip=\skip89
\cftbeforetabskip=\skip90
\cfttabindent=\skip91
\cfttabnumwidth=\skip92
)
(/usr/share/texlive/texmf-dist/tex/latex/footmisc/footmisc.sty
Package: footmisc 2011/06/06 v5.5b a miscellany of footnote facilities
\FN@temptoken=\toks29
\footnotemargin=\dimen188
\c@pp@next@reset=\count271
\c@@fnserial=\count272
Package footmisc Info: Declaring symbol style bringhurst on input line 855.
Package footmisc Info: Declaring symbol style chicago on input line 863.
Package footmisc Info: Declaring symbol style wiley on input line 872.
Package footmisc Info: Declaring symbol style lamport-robust on input line 883.
Package footmisc Info: Declaring symbol style lamport* on input line 903.
Package footmisc Info: Declaring symbol style lamport*-robust on input line 924.

))
(./ARLboxhandler.sty
Package: ARLboxhandler 2019/02/05 v3.20
 (./boxhandler.sty
Package: boxhandler 2012/10/18 v1.30 Tools for Optimizing Captions, Presentation
, and Placement of Tables and Figures
 (./pbox.sty
Package: pbox 2011/12/07 v1.2 Dynamic parboxes
\pb@xlen=\skip93
)
\c@TableIndex=\count273
\c@FigureIndex=\count274
\c@TableClearedIndex=\count275
\c@FigureClearedIndex=\count276
\oldabovecaptionskip=\skip94
\oldbelowcaptionskip=\skip95
\captionGap=\skip96
\TableDeadMargin=\skip97
\FigureDeadMargin=\skip98
\c@abovecaptionskipterm=\count277
\c@belowcaptionskipterm=\count278
\@minCaptionBoxWidth=\skip99
\@minCaptionBoxWidthDefault=\skip100
\@maxCaptionBoxWidth=\skip101
\@maxCaptionBoxWidthDefault=\skip102
\c@promptTablesFlag=\count279
\c@promptFiguresFlag=\count280
\DeadMargin=\skip103
\@DataBoxWidth=\skip104
\CaptionBoxWidth=\skip105
\@DataBoxOffset=\skip106
\@CaptionBoxOffset=\skip107
\@captionIDwidth=\skip108
\@captionWidth=\skip109
\@DataBoxSurplus=\skip110
\c@lofInvocations=\count281
\c@lofPrints=\count282
\c@lotInvocations=\count283
\c@lotPrints=\count284
\hyper@shift=\skip111
)) (./notoccite.sty
Package: notoccite 2000/07/20
)
(/usr/share/texlive/texmf-dist/tex/latex/totpages/totpages.sty
Package: totpages 2005/09/19 v2.00 Totpages Package (muewi)
) (./fgcite.sty
Package: fgcite 2014/07/01 v1.10
)
(./tbcite.sty
Package: tbcite 2014/07/02 v1.10
) (./eqcite.sty
Package: eqcite 2014/07/01 v1.10
)
(/usr/share/texlive/texmf-dist/tex/latex/enumitem/enumitem.sty
Package: enumitem 2019/06/20 v3.9 Customized lists
\labelindent=\skip112
\enit@outerparindent=\dimen189
\enit@toks=\toks30
\enit@inbox=\box58
\enit@count@id=\count285
\enitdp@description=\count286
) (./lipsum.sty
(/usr/share/texlive/texmf-dist/tex/latex/l3kernel/expl3.sty
Package: expl3 2020-07-17 L3 programming layer (loader) 

(/usr/share/texlive/texmf-dist/tex/latex/l3backend/l3backend-pdfmode.def
File: l3backend-pdfmode.def 2020-06-29 L3 backend support: PDF mode
\l__kernel_color_stack_int=\count287
\l__pdf_internal_box=\box59
))
(/usr/share/texlive/texmf-dist/tex/latex/l3packages/xparse/xparse.sty
Package: xparse 2020-05-15 L3 Experimental document command parser

(/usr/share/texlive/texmf-dist/tex/latex/l3packages/xparse/xparse-generic.tex
\l__xparse_current_arg_int=\count288
\g__xparse_grabber_int=\count289
\l__xparse_m_args_int=\count290
\l__xparse_v_nesting_int=\count291
))
Package: lipsum 2019/01/02 v2.2 150 paragraphs of Lorem Ipsum dummy text
(/usr/share/texlive/texmf-dist/tex/latex/lipsum/lipsum.ltd.tex
File: lipsum.ltd.tex 2019/01/02 v2.2 The Lorem ipsum dummy text
))
(/usr/share/texlive/texmf-dist/tex/latex/tools/verbatim.sty
Package: verbatim 2019/11/10 v1.5r LaTeX2e package for verbatim enhancements
\every@verbatim=\toks31
\verbatim@line=\toks32
\verbatim@in@stream=\read3
)
(/usr/share/texlive/texmf-dist/tex/latex/amsfonts/amssymb.sty
Package: amssymb 2013/01/14 v3.01 AMS font symbols

(/usr/share/texlive/texmf-dist/tex/latex/amsfonts/amsfonts.sty
Package: amsfonts 2013/01/14 v3.01 Basic AMSFonts support
\@emptytoks=\toks33
\symAMSa=\mathgroup4
\symAMSb=\mathgroup5
LaTeX Font Info:    Redeclaring math symbol \hbar on input line 98.
LaTeX Font Info:    Overwriting math alphabet `\mathfrak' in version `bold'
(Font)                  U/euf/m/n --> U/euf/b/n on input line 106.
))
(/usr/share/texlive/texmf-dist/tex/latex/amsmath/amsmath.sty
Package: amsmath 2020/01/20 v2.17e AMS math features
\@mathmargin=\skip113

For additional information on amsmath, use the `?' option.
(/usr/share/texlive/texmf-dist/tex/latex/amsmath/amstext.sty
Package: amstext 2000/06/29 v2.01 AMS text

(/usr/share/texlive/texmf-dist/tex/latex/amsmath/amsgen.sty
File: amsgen.sty 1999/11/30 v2.0 generic functions
\@emptytoks=\toks34
\ex@=\dimen190
))
(/usr/share/texlive/texmf-dist/tex/latex/amsmath/amsbsy.sty
Package: amsbsy 1999/11/29 v1.2d Bold Symbols
\pmbraise@=\dimen191
)
(/usr/share/texlive/texmf-dist/tex/latex/amsmath/amsopn.sty
Package: amsopn 2016/03/08 v2.02 operator names
)
\inf@bad=\count292
LaTeX Info: Redefining \frac on input line 227.
\uproot@=\count293
\leftroot@=\count294
LaTeX Info: Redefining \overline on input line 389.
\classnum@=\count295
\DOTSCASE@=\count296
LaTeX Info: Redefining \ldots on input line 486.
LaTeX Info: Redefining \dots on input line 489.
LaTeX Info: Redefining \cdots on input line 610.
\Mathstrutbox@=\box60
\strutbox@=\box61
\big@size=\dimen192
LaTeX Font Info:    Redeclaring font encoding OML on input line 733.
LaTeX Font Info:    Redeclaring font encoding OMS on input line 734.
\macc@depth=\count297
\c@MaxMatrixCols=\count298
\dotsspace@=\muskip16
\c@parentequation=\count299
\dspbrk@lvl=\count300
\tag@help=\toks35
\row@=\count301
\column@=\count302
\maxfields@=\count303
\andhelp@=\toks36
\eqnshift@=\dimen193
\alignsep@=\dimen194
\tagshift@=\dimen195
\tagwidth@=\dimen196
\totwidth@=\dimen197
\lineht@=\dimen198
\@envbody=\toks37
\multlinegap=\skip114
\multlinetaggap=\skip115
\mathdisplay@stack=\toks38
LaTeX Info: Redefining \[ on input line 2859.
LaTeX Info: Redefining \] on input line 2860.
)
(/usr/share/texlive/texmf-dist/tex/latex/natbib/bibentry.sty
Package: bibentry 2007/10/30 1.5 (PWD)
) (./dodec.bbl)
(/usr/share/texlive/texmf-dist/tex/latex/amscls/amsthm.sty
Package: amsthm 2020/05/29 v2.20.6
\thm@style=\toks39
\thm@bodyfont=\toks40
\thm@headfont=\toks41
\thm@notefont=\toks42
\thm@headpunct=\toks43
\thm@preskip=\skip116
\thm@postskip=\skip117
\thm@headsep=\skip118
\dth@everypar=\toks44
)
(/usr/share/texlive/texmf-dist/tex/latex/lineno/lineno.sty
Package: lineno 2005/11/02 line numbers on paragraphs v4.41
\linenopenalty=\count304
\output=\toks45
\linenoprevgraf=\count305
\linenumbersep=\dimen199
\linenumberwidth=\dimen256
\c@linenumber=\count306
\c@pagewiselinenumber=\count307
\c@LN@truepage=\count308
\c@internallinenumber=\count309
\c@internallinenumbers=\count310
\quotelinenumbersep=\dimen257
\bframerule=\dimen258
\bframesep=\dimen259
\bframebox=\box62
LaTeX Info: Redefining \\ on input line 3056.
) (./subfigure.sty
Package: subfigure 2002/03/15 v2.1.5 subfigure package
\subfigtopskip=\skip119
\subfigcapskip=\skip120
\subfigcaptopadj=\dimen260
\subfigbottomskip=\skip121
\subfigcapmargin=\dimen261
\subfiglabelskip=\skip122
\c@subfigure=\count311
\c@lofdepthA=\count312
\c@subtable=\count313
\c@lotdepthA=\count314

****************************************
* Local config file subfigure.cfg used *
****************************************
(/usr/share/texlive/texmf-dist/tex/latex/subfigure/subfigure.cfg)
\subfig@top=\skip123
\subfig@bottom=\skip124
)
(/usr/share/texlive/texmf-dist/tex/latex/stmaryrd/stmaryrd.sty
Package: stmaryrd 1994/03/03 St Mary's Road symbol package
\symstmry=\mathgroup6
LaTeX Font Info:    Overwriting symbol font `stmry' in version `bold'
(Font)                  U/stmry/m/n --> U/stmry/b/n on input line 89.
)
(/usr/share/texlive/texmf-dist/tex/latex/mathtools/mathtools.sty
Package: mathtools 2020/03/24 v1.24 mathematical typesetting tools

(/usr/share/texlive/texmf-dist/tex/latex/mathtools/mhsetup.sty
Package: mhsetup 2017/03/31 v1.3 programming setup (MH)
)
LaTeX Info: Thecontrolsequence`\('isalreadyrobust on input line 130.
LaTeX Info: Thecontrolsequence`\)'isalreadyrobust on input line 130.
LaTeX Info: Thecontrolsequence`\['isalreadyrobust on input line 130.
LaTeX Info: Thecontrolsequence`\]'isalreadyrobust on input line 130.
\g_MT_multlinerow_int=\count315
\l_MT_multwidth_dim=\dimen262
\origjot=\skip125
\l_MT_shortvdotswithinadjustabove_dim=\dimen263
\l_MT_shortvdotswithinadjustbelow_dim=\dimen264
\l_MT_above_intertext_sep=\dimen265
\l_MT_below_intertext_sep=\dimen266
\l_MT_above_shortintertext_sep=\dimen267
\l_MT_below_shortintertext_sep=\dimen268
\xmathstrut@box=\box63
\xmathstrut@dim=\dimen269
)
(/usr/share/texlive/texmf-dist/tex/latex/algorithm2e/algorithm2e.sty
Package: algorithm2e 2017/07/18 v5.2 algorithms environments
\c@AlgoLine=\count316
\algocf@hangindent=\skip126

(/usr/share/texlive/texmf-dist/tex/latex/ifoddpage/ifoddpage.sty
Package: ifoddpage 2016/04/23 v1.1 Conditionals for odd/even page detection
\c@checkoddpage=\count317
LaTeX Info: Redefining \checkoddpage on input line 45.
)
(/usr/share/texlive/texmf-dist/tex/latex/tools/xspace.sty
Package: xspace 2014/10/28 v1.13 Space after command names (DPC,MH)
)
(/usr/share/texlive/texmf-dist/tex/latex/relsize/relsize.sty
Package: relsize 2013/03/29 ver 4.1
)
\skiptotal=\skip127
\skiplinenumber=\skip128
\skiprule=\skip129
\skiphlne=\skip130
\skiptext=\skip131
\skiplength=\skip132
\algomargin=\skip133
\skipalgocfslide=\skip134
\algowidth=\dimen270
\inoutsize=\dimen271
\inoutindent=\dimen272
\interspacetitleruled=\dimen273
\interspacealgoruled=\dimen274
\interspacetitleboxruled=\dimen275
\algocf@ruledwidth=\skip135
\algocf@inoutbox=\box64
\algocf@inputbox=\box65
\AlCapSkip=\skip136
\AlCapHSkip=\skip137
\algoskipindent=\skip138
\algocf@nlbox=\box66
\algocf@hangingbox=\box67
\algocf@untilbox=\box68
\algocf@skipuntil=\skip139
\algocf@capbox=\box69
\algocf@lcaptionbox=\skip140
\algoheightruledefault=\skip141
\algoheightrule=\skip142
\algotitleheightruledefault=\skip143
\algotitleheightrule=\skip144
\c@algocfline=\count318
\c@algocfproc=\count319
\c@algocf=\count320
\algocf@algoframe=\box70
\algocf@algobox=\box71
)
(/usr/share/texlive/texmf-dist/tex/generic/mathabx/mathabx.sty
Package: mathabx 2003/07/29 v0.0 Non-standard LaTeX package mathabx
\symmatha=\mathgroup7
\symmathb=\mathgroup8
\symmathx=\mathgroup9

(/usr/share/texlive/texmf-dist/tex/generic/mathabx/mathabx.dcl
LaTeX Font Info:    Redeclaring math symbol \cdotp on input line 25.
LaTeX Font Info:    Redeclaring math symbol \times on input line 33.
LaTeX Font Info:    Redeclaring math symbol \div on input line 34.
LaTeX Font Info:    Redeclaring math symbol \cdot on input line 35.
LaTeX Font Info:    Redeclaring math symbol \circ on input line 36.
LaTeX Font Info:    Redeclaring math symbol \ast on input line 38.
LaTeX Font Info:    Redeclaring math symbol \pm on input line 41.
LaTeX Font Info:    Redeclaring math symbol \mp on input line 42.
LaTeX Font Info:    Redeclaring math symbol \ltimes on input line 43.
LaTeX Font Info:    Redeclaring math symbol \rtimes on input line 44.
LaTeX Font Info:    Redeclaring math symbol \diamond on input line 45.
LaTeX Font Info:    Redeclaring math symbol \bullet on input line 46.
LaTeX Font Info:    Redeclaring math symbol \star on input line 47.
LaTeX Font Info:    Redeclaring math symbol \amalg on input line 51.
LaTeX Font Info:    Redeclaring math symbol \dotplus on input line 58.
LaTeX Font Info:    Redeclaring math symbol \square on input line 63.
LaTeX Font Info:    Redeclaring math symbol \divideontimes on input line 71.
LaTeX Font Info:    Redeclaring math symbol \bigstar on input line 75.
LaTeX Font Info:    Redeclaring math symbol \equiv on input line 83.
LaTeX Font Info:    Redeclaring math symbol \sim on input line 84.
LaTeX Font Info:    Redeclaring math symbol \approx on input line 85.
LaTeX Font Info:    Redeclaring math symbol \simeq on input line 86.
LaTeX Font Info:    Redeclaring math symbol \asymp on input line 89.
LaTeX Font Info:    Redeclaring math symbol \nsim on input line 97.
LaTeX Font Info:    Redeclaring math symbol \ncong on input line 100.
LaTeX Font Info:    Redeclaring math symbol \risingdotseq on input line 118.
LaTeX Font Info:    Redeclaring math symbol \fallingdotseq on input line 119.
LaTeX Font Info:    Redeclaring math symbol \circeq on input line 125.
LaTeX Font Info:    Redeclaring math symbol \eqcirc on input line 126.
LaTeX Font Info:    Redeclaring math symbol \triangleq on input line 127.
LaTeX Font Info:    Redeclaring math symbol \neg on input line 134.
LaTeX Font Info:    Redeclaring math symbol \ll on input line 136.
LaTeX Font Info:    Redeclaring math symbol \gg on input line 137.
LaTeX Font Info:    Redeclaring math symbol \vdash on input line 139.
LaTeX Font Info:    Redeclaring math symbol \dashv on input line 140.
LaTeX Font Info:    Redeclaring math symbol \nvdash on input line 141.
LaTeX Font Info:    Redeclaring math symbol \vDash on input line 143.
LaTeX Font Info:    Redeclaring math symbol \nvDash on input line 145.
LaTeX Font Info:    Redeclaring math symbol \Vdash on input line 147.
LaTeX Font Info:    Redeclaring math symbol \nVdash on input line 149.
LaTeX Font Info:    Redeclaring math symbol \flat on input line 158.
LaTeX Font Info:    Redeclaring math symbol \natural on input line 159.
LaTeX Font Info:    Redeclaring math symbol \sharp on input line 160.
LaTeX Font Info:    Redeclaring math symbol \infty on input line 161.
LaTeX Font Info:    Redeclaring math symbol \propto on input line 162.
LaTeX Font Info:    Redeclaring math symbol \dagger on input line 163.
LaTeX Font Info:    Redeclaring math symbol \ddagger on input line 164.
LaTeX Font Info:    Redeclaring math symbol \between on input line 170.
LaTeX Font Info:    Redeclaring math symbol \smile on input line 171.
LaTeX Font Info:    Redeclaring math symbol \frown on input line 172.
LaTeX Font Info:    Redeclaring math symbol \leftthreetimes on input line 174.
LaTeX Font Info:    Redeclaring math symbol \rightthreetimes on input line 175.
LaTeX Font Info:    Redeclaring math symbol \pitchfork on input line 176.
LaTeX Font Info:    Redeclaring math symbol \nVDash on input line 182.
LaTeX Font Info:    Redeclaring math symbol \Vvdash on input line 184.
LaTeX Font Info:    Redeclaring math symbol \therefore on input line 189.
LaTeX Font Info:    Redeclaring math symbol \because on input line 190.
LaTeX Font Info:    Redeclaring math accent \dot on input line 193.
LaTeX Font Info:    Redeclaring math accent \ddot on input line 195.
LaTeX Font Info:    Redeclaring math symbol \measuredangle on input line 202.
LaTeX Font Info:    Redeclaring math symbol \sphericalangle on input line 203.
LaTeX Font Info:    Redeclaring math symbol \setminus on input line 218.
LaTeX Font Info:    Redeclaring math symbol \mid on input line 222.
LaTeX Font Info:    Redeclaring math symbol \forall on input line 279.
LaTeX Font Info:    Redeclaring math symbol \complement on input line 280.
LaTeX Font Info:    Redeclaring math symbol \partial on input line 281.
LaTeX Font Info:    Redeclaring math symbol \exists on input line 284.
LaTeX Font Info:    Redeclaring math symbol \nexists on input line 285.
LaTeX Font Info:    Redeclaring math symbol \Finv on input line 286.
LaTeX Font Info:    Redeclaring math symbol \Game on input line 287.
LaTeX Font Info:    Redeclaring math symbol \emptyset on input line 288.
LaTeX Font Info:    Redeclaring math symbol \top on input line 290.
LaTeX Font Info:    Redeclaring math symbol \bot on input line 291.
LaTeX Font Info:    Redeclaring math symbol \perp on input line 292.
LaTeX Font Info:    Redeclaring math symbol \curlywedge on input line 296.
LaTeX Font Info:    Redeclaring math symbol \curlyvee on input line 297.
LaTeX Font Info:    Redeclaring math symbol \in on input line 299.
LaTeX Font Info:    Redeclaring math symbol \owns on input line 300.
LaTeX Font Info:    Redeclaring math symbol \cap on input line 312.
LaTeX Font Info:    Redeclaring math symbol \cup on input line 313.
LaTeX Font Info:    Redeclaring math symbol \uplus on input line 314.
LaTeX Font Info:    Redeclaring math symbol \sqcap on input line 315.
LaTeX Font Info:    Redeclaring math symbol \sqcup on input line 316.
LaTeX Font Info:    Redeclaring math symbol \wedge on input line 318.
LaTeX Font Info:    Redeclaring math symbol \vee on input line 320.
LaTeX Font Info:    Redeclaring math symbol \barwedge on input line 327.
LaTeX Font Info:    Redeclaring math symbol \veebar on input line 328.
LaTeX Font Info:    Redeclaring math symbol \doublebarwedge on input line 329.
LaTeX Font Info:    Redeclaring math symbol \doublecap on input line 331.
LaTeX Font Info:    Redeclaring math symbol \doublecup on input line 333.
LaTeX Font Info:    Redeclaring math symbol \subset on input line 344.
LaTeX Font Info:    Redeclaring math symbol \supset on input line 345.
LaTeX Font Info:    Redeclaring math symbol \subseteq on input line 348.
LaTeX Font Info:    Redeclaring math symbol \supseteq on input line 349.
LaTeX Font Info:    Redeclaring math symbol \nsubseteq on input line 350.
LaTeX Font Info:    Redeclaring math symbol \nsupseteq on input line 351.
LaTeX Font Info:    Redeclaring math symbol \subsetneq on input line 352.
LaTeX Font Info:    Redeclaring math symbol \supsetneq on input line 353.
LaTeX Font Info:    Redeclaring math symbol \varsubsetneq on input line 354.
LaTeX Font Info:    Redeclaring math symbol \varsupsetneq on input line 355.
LaTeX Font Info:    Redeclaring math symbol \subseteqq on input line 357.
LaTeX Font Info:    Redeclaring math symbol \supseteqq on input line 358.
LaTeX Font Info:    Redeclaring math symbol \nsubseteqq on input line 359.
LaTeX Font Info:    Redeclaring math symbol \nsupseteqq on input line 360.
LaTeX Font Info:    Redeclaring math symbol \subsetneqq on input line 361.
LaTeX Font Info:    Redeclaring math symbol \supsetneqq on input line 362.
LaTeX Font Info:    Redeclaring math symbol \varsubsetneqq on input line 363.
LaTeX Font Info:    Redeclaring math symbol \varsupsetneqq on input line 364.
LaTeX Font Info:    Redeclaring math symbol \Subset on input line 366.
LaTeX Font Info:    Redeclaring math symbol \Supset on input line 367.
LaTeX Font Info:    Redeclaring math symbol \sqsubseteq on input line 380.
LaTeX Font Info:    Redeclaring math symbol \sqsupseteq on input line 381.
LaTeX Font Info:    Redeclaring math symbol \triangleleft on input line 407.
LaTeX Font Info:    Redeclaring math symbol \vartriangleleft on input line 408.
LaTeX Font Info:    Redeclaring math symbol \triangleright on input line 409.
LaTeX Font Info:    Redeclaring math symbol \vartriangleright on input line 410.

LaTeX Font Info:    Redeclaring math symbol \ntriangleleft on input line 411.
LaTeX Font Info:    Redeclaring math symbol \ntriangleright on input line 412.
LaTeX Font Info:    Redeclaring math symbol \trianglelefteq on input line 413.
LaTeX Font Info:    Redeclaring math symbol \trianglerighteq on input line 414.
LaTeX Font Info:    Redeclaring math symbol \ntrianglelefteq on input line 415.
LaTeX Font Info:    Redeclaring math symbol \ntrianglerighteq on input line 416.

LaTeX Font Info:    Redeclaring math symbol \blacktriangledown on input line 427
.
LaTeX Font Info:    Redeclaring math symbol \blacktriangleleft on input line 428
.
LaTeX Font Info:    Redeclaring math symbol \blacktriangleright on input line 42
9.
LaTeX Font Info:    Redeclaring math symbol \nless on input line 437.
LaTeX Font Info:    Redeclaring math symbol \ngtr on input line 438.
LaTeX Font Info:    Redeclaring math symbol \leq on input line 439.
LaTeX Font Info:    Redeclaring math symbol \geq on input line 441.
LaTeX Font Info:    Redeclaring math symbol \nleq on input line 443.
LaTeX Font Info:    Redeclaring math symbol \ngeq on input line 445.
LaTeX Font Info:    Redeclaring math symbol \lneq on input line 451.
LaTeX Font Info:    Redeclaring math symbol \gneq on input line 452.
LaTeX Font Info:    Redeclaring math symbol \leqq on input line 453.
LaTeX Font Info:    Redeclaring math symbol \geqq on input line 454.
LaTeX Font Info:    Redeclaring math symbol \nleqq on input line 455.
LaTeX Font Info:    Redeclaring math symbol \ngeqq on input line 456.
LaTeX Font Info:    Redeclaring math symbol \lneqq on input line 457.
LaTeX Font Info:    Redeclaring math symbol \gneqq on input line 458.
LaTeX Font Info:    Redeclaring math symbol \lvertneqq on input line 459.
LaTeX Font Info:    Redeclaring math symbol \gvertneqq on input line 460.
LaTeX Font Info:    Redeclaring math symbol \eqslantless on input line 461.
LaTeX Font Info:    Redeclaring math symbol \eqslantgtr on input line 462.
LaTeX Font Info:    Redeclaring math symbol \lessgtr on input line 465.
LaTeX Font Info:    Redeclaring math symbol \gtrless on input line 466.
LaTeX Font Info:    Redeclaring math symbol \lesseqgtr on input line 467.
LaTeX Font Info:    Redeclaring math symbol \gtreqless on input line 468.
LaTeX Font Info:    Redeclaring math symbol \lesseqqgtr on input line 469.
LaTeX Font Info:    Redeclaring math symbol \gtreqqless on input line 470.
LaTeX Font Info:    Redeclaring math symbol \lesssim on input line 472.
LaTeX Font Info:    Redeclaring math symbol \gtrsim on input line 473.
LaTeX Font Info:    Redeclaring math symbol \lnsim on input line 476.
LaTeX Font Info:    Redeclaring math symbol \gnsim on input line 477.
LaTeX Font Info:    Redeclaring math symbol \lessapprox on input line 478.
LaTeX Font Info:    Redeclaring math symbol \gtrapprox on input line 479.
LaTeX Font Info:    Redeclaring math symbol \lnapprox on input line 482.
LaTeX Font Info:    Redeclaring math symbol \gnapprox on input line 483.
LaTeX Font Info:    Redeclaring math symbol \lessdot on input line 485.
LaTeX Font Info:    Redeclaring math symbol \gtrdot on input line 486.
LaTeX Font Info:    Redeclaring math symbol \lll on input line 488.
LaTeX Font Info:    Redeclaring math symbol \ggg on input line 489.
LaTeX Font Info:    Redeclaring math symbol \prec on input line 498.
LaTeX Font Info:    Redeclaring math symbol \succ on input line 499.
LaTeX Font Info:    Redeclaring math symbol \nprec on input line 500.
LaTeX Font Info:    Redeclaring math symbol \nsucc on input line 501.
LaTeX Font Info:    Redeclaring math symbol \preccurlyeq on input line 502.
LaTeX Font Info:    Redeclaring math symbol \succcurlyeq on input line 503.
LaTeX Font Info:    Redeclaring math symbol \preceq on input line 506.
LaTeX Font Info:    Redeclaring math symbol \succeq on input line 507.
LaTeX Font Info:    Redeclaring math symbol \npreceq on input line 508.
LaTeX Font Info:    Redeclaring math symbol \nsucceq on input line 509.
LaTeX Font Info:    Redeclaring math symbol \curlyeqprec on input line 512.
LaTeX Font Info:    Redeclaring math symbol \curlyeqsucc on input line 513.
LaTeX Font Info:    Redeclaring math symbol \precsim on input line 517.
LaTeX Font Info:    Redeclaring math symbol \succsim on input line 518.
LaTeX Font Info:    Redeclaring math symbol \precnsim on input line 521.
LaTeX Font Info:    Redeclaring math symbol \succnsim on input line 522.
LaTeX Font Info:    Redeclaring math symbol \precapprox on input line 523.
LaTeX Font Info:    Redeclaring math symbol \succapprox on input line 524.
LaTeX Font Info:    Redeclaring math symbol \precnapprox on input line 527.
LaTeX Font Info:    Redeclaring math symbol \succnapprox on input line 528.
LaTeX Font Info:    Redeclaring math symbol \leftarrow on input line 540.
LaTeX Font Info:    Redeclaring math symbol \rightarrow on input line 542.
LaTeX Font Info:    Redeclaring math symbol \nwarrow on input line 546.
LaTeX Font Info:    Redeclaring math symbol \nearrow on input line 547.
LaTeX Font Info:    Redeclaring math symbol \swarrow on input line 548.
LaTeX Font Info:    Redeclaring math symbol \searrow on input line 549.
LaTeX Font Info:    Redeclaring math symbol \leftrightarrow on input line 550.
LaTeX Font Info:    Redeclaring math symbol \nleftarrow on input line 552.
LaTeX Font Info:    Redeclaring math symbol \nrightarrow on input line 553.
LaTeX Font Info:    Redeclaring math symbol \nleftrightarrow on input line 554.
LaTeX Font Info:    Redeclaring math symbol \mapstochar on input line 557.
LaTeX Font Info:    Redeclaring math symbol \mapsfromchar on input line 558.
LaTeX Font Info:    Redeclaring math symbol \leftharpoonup on input line 560.
LaTeX Font Info:    Redeclaring math symbol \rightharpoonup on input line 561.
LaTeX Font Info:    Redeclaring math symbol \leftharpoondown on input line 562.
LaTeX Font Info:    Redeclaring math symbol \rightharpoondown on input line 563.

LaTeX Font Info:    Redeclaring math symbol \upharpoonleft on input line 564.
LaTeX Font Info:    Redeclaring math symbol \downharpoonleft on input line 565.
LaTeX Font Info:    Redeclaring math symbol \upharpoonright on input line 566.
LaTeX Font Info:    Redeclaring math symbol \restriction on input line 567.
LaTeX Font Info:    Redeclaring math symbol \downharpoonright on input line 568.

LaTeX Font Info:    Redeclaring math symbol \leftrightharpoons on input line 569
.
LaTeX Font Info:    Redeclaring math symbol \Leftarrow on input line 575.
LaTeX Font Info:    Redeclaring math symbol \Rightarrow on input line 576.
LaTeX Font Info:    Redeclaring math symbol \Leftrightarrow on input line 579.
LaTeX Font Info:    Redeclaring math symbol \nLeftarrow on input line 581.
LaTeX Font Info:    Redeclaring math symbol \nRightarrow on input line 582.
LaTeX Font Info:    Redeclaring math symbol \nLeftrightarrow on input line 583.
LaTeX Font Info:    Redeclaring math symbol \Mapstochar on input line 586.
LaTeX Font Info:    Redeclaring math symbol \Mapsfromchar on input line 587.
LaTeX Font Info:    Redeclaring math symbol \leftleftarrows on input line 593.
LaTeX Font Info:    Redeclaring math symbol \rightrightarrows on input line 594.

LaTeX Font Info:    Redeclaring math symbol \upuparrows on input line 595.
LaTeX Font Info:    Redeclaring math symbol \downdownarrows on input line 596.
LaTeX Font Info:    Redeclaring math symbol \leftrightarrows on input line 597.
LaTeX Font Info:    Redeclaring math symbol \rightleftarrows on input line 598.
LaTeX Font Info:    Redeclaring math symbol \rhook on input line 612.
LaTeX Font Info:    Redeclaring math symbol \lhook on input line 613.
LaTeX Font Info:    Redeclaring math symbol \diagup on input line 614.
LaTeX Font Info:    Redeclaring math symbol \diagdown on input line 615.
LaTeX Font Info:    Redeclaring math symbol \Lsh on input line 617.
LaTeX Font Info:    Redeclaring math symbol \Rsh on input line 619.
LaTeX Font Info:    Redeclaring math symbol \looparrowleft on input line 624.
LaTeX Font Info:    Redeclaring math symbol \looparrowright on input line 626.
LaTeX Font Info:    Redeclaring math symbol \curvearrowleft on input line 631.
LaTeX Font Info:    Redeclaring math symbol \curvearrowright on input line 633.
LaTeX Font Info:    Redeclaring math symbol \circlearrowleft on input line 641.
LaTeX Font Info:    Redeclaring math symbol \circlearrowright on input line 642.

LaTeX Font Info:    Redeclaring math symbol \rightsquigarrow on input line 645.
LaTeX Font Info:    Redeclaring math symbol \leftrightsquigarrow on input line 6
46.
LaTeX Font Info:    Redeclaring math symbol \oplus on input line 658.
LaTeX Font Info:    Redeclaring math symbol \ominus on input line 659.
LaTeX Font Info:    Redeclaring math symbol \otimes on input line 661.
LaTeX Font Info:    Redeclaring math symbol \odot on input line 663.
LaTeX Font Info:    Redeclaring math symbol \oslash on input line 675.
LaTeX Font Info:    Redeclaring math symbol \boxplus on input line 683.
LaTeX Font Info:    Redeclaring math symbol \boxminus on input line 684.
LaTeX Font Info:    Redeclaring math symbol \boxtimes on input line 686.
LaTeX Font Info:    Redeclaring math symbol \boxdot on input line 688.
LaTeX Font Info:    Redeclaring math symbol \boxslash on input line 702.
\mayacnter=\count321
\mayacnta=\count322
\mayacntb=\count323
\mayacntc=\count324
\mayawidth=\dimen276
LaTeX Font Info:    Redeclaring math symbol \intop on input line 753.
LaTeX Font Info:    Redeclaring math symbol \ointop on input line 760.
LaTeX Font Info:    Redeclaring math symbol \bigcurlywedge on input line 787.
LaTeX Font Info:    Redeclaring math symbol \bigcurlyvee on input line 788.
LaTeX Font Info:    Redeclaring math delimiter \lbrace on input line 842.
LaTeX Info: Redefining \{ on input line 846.
LaTeX Font Info:    Redeclaring math delimiter \rbrace on input line 848.
LaTeX Info: Redefining \} on input line 852.
LaTeX Font Info:    Redeclaring math delimiter \langle on input line 858.
LaTeX Font Info:    Redeclaring math delimiter \rangle on input line 859.
LaTeX Font Info:    Redeclaring math delimiter \vert on input line 863.
LaTeX Font Info:    Redeclaring math delimiter \Vert on input line 865.
LaTeX Font Info:    Redeclaring math delimiter \uparrow on input line 868.
LaTeX Font Info:    Redeclaring math delimiter \downarrow on input line 869.
LaTeX Font Info:    Redeclaring math delimiter \updownarrow on input line 870.
LaTeX Font Info:    Redeclaring math delimiter \Uparrow on input line 871.
LaTeX Font Info:    Redeclaring math delimiter \Downarrow on input line 872.
LaTeX Font Info:    Redeclaring math delimiter \Updownarrow on input line 873.
LaTeX Font Info:    Redeclaring math delimiter \lgroup on input line 880.
LaTeX Font Info:    Redeclaring math delimiter \rgroup on input line 881.
LaTeX Font Info:    Redeclaring math delimiter \lceil on input line 882.
LaTeX Font Info:    Redeclaring math delimiter \rceil on input line 883.
LaTeX Font Info:    Redeclaring math delimiter \lfloor on input line 884.
LaTeX Font Info:    Redeclaring math delimiter \rfloor on input line 885.
LaTeX Font Info:    Redeclaring math symbol \braceld on input line 903.
LaTeX Font Info:    Redeclaring math symbol \bracerd on input line 905.
LaTeX Font Info:    Redeclaring math symbol \bracelu on input line 907.
LaTeX Font Info:    Redeclaring math symbol \braceru on input line 909.
LaTeX Font Info:    Redeclaring math accent \widehat on input line 944.
LaTeX Font Info:    Redeclaring math accent \widetilde on input line 946.
))
\accentbox=\box72

(/usr/share/texlive/texmf-dist/tex/latex/graphics/rotating.sty
Package: rotating 2016/08/11 v2.16d rotated objects in LaTeX
\c@r@tfl@t=\count325
\rotFPtop=\skip145
\rotFPbot=\skip146
\rot@float@box=\box73
\rot@mess@toks=\toks46
)
(/usr/share/texlive/texmf-dist/tex/latex/blindtext/blindtext.sty
Package: blindtext 2012/01/06 V2.0 blindtext-Package
\c@blindtext=\count326
\c@Blindtext=\count327
\c@blind@countparstart=\count328
\blind@countxx=\count329
\blindtext@numBlindtext=\count330
\blind@countyy=\count331
\c@blindlist=\count332
\c@blindlistlevel=\count333
\c@blindlist@level=\count334
\blind@listitem=\count335
\c@blind@listcount=\count336
\c@blind@levelcount=\count337
\blind@mathformula=\count338
\blind@Mathformula=\count339
\c@blind@randomcount=\count340
\c@blind@randommax=\count341
\c@blind@pangramcount=\count342
\c@blind@pangrammax=\count343
)
(/usr/share/texlive/texmf-dist/tex/latex/koma-script/scrextend.sty
Package: scrextend 2020/07/22 v3.31 KOMA-Script package (extend other classes wi
th features of KOMA-Script classes)

(/usr/share/texlive/texmf-dist/tex/latex/koma-script/scrkbase.sty
Package: scrkbase 2020/07/22 v3.31 KOMA-Script package (KOMA-Script-dependent ba
sics and keyval usage)

(/usr/share/texlive/texmf-dist/tex/latex/koma-script/scrbase.sty
Package: scrbase 2020/07/22 v3.31 KOMA-Script package (KOMA-Script-independent b
asics and keyval usage)

(/usr/share/texlive/texmf-dist/tex/latex/koma-script/scrlfile.sty
Package: scrlfile 2020/07/22 v3.31 KOMA-Script package (loading files)
))))
(/usr/share/texlive/texmf-dist/tex/latex/carlisle/scalefnt.sty) (./dodec.aux
(./partIntroduction.aux) (./partDodecahedron.aux) (./partKinematics.aux)
(./partConstitutiveTheory.aux) (./partNumericalIntegration.aux)
(./partVariationalFormulation.aux) (./partConclusions.aux)
(./appImplicitElasticity.aux) (./partAcronyms.aux))
\openout1 = dodec.aux

LaTeX Font Info:    Checking defaults for OML/cmm/m/it on input line 272.
LaTeX Font Info:    ... okay on input line 272.
LaTeX Font Info:    Checking defaults for OMS/cmsy/m/n on input line 272.
LaTeX Font Info:    ... okay on input line 272.
LaTeX Font Info:    Checking defaults for OT1/cmr/m/n on input line 272.
LaTeX Font Info:    ... okay on input line 272.
LaTeX Font Info:    Checking defaults for T1/cmr/m/n on input line 272.
LaTeX Font Info:    ... okay on input line 272.
LaTeX Font Info:    Checking defaults for TS1/cmr/m/n on input line 272.
LaTeX Font Info:    Trying to load font information for TS1+cmr on input line 27
2.

(/usr/share/texlive/texmf-dist/tex/latex/base/ts1cmr.fd
File: ts1cmr.fd 2019/12/16 v2.5j Standard LaTeX font definitions
)
LaTeX Font Info:    ... okay on input line 272.
LaTeX Font Info:    Checking defaults for TU/lmr/m/n on input line 272.
LaTeX Font Info:    ... okay on input line 272.
LaTeX Font Info:    Checking defaults for OMX/cmex/m/n on input line 272.
LaTeX Font Info:    ... okay on input line 272.
LaTeX Font Info:    Checking defaults for U/mathx/m/n on input line 272.
LaTeX Font Info:    ... okay on input line 272.
LaTeX Font Info:    Trying to load font information for T1+ptm on input line 272
.

(/usr/share/texlive/texmf-dist/tex/latex/psnfss/t1ptm.fd
File: t1ptm.fd 2001/06/04 font definitions for T1/ptm.
)
(/usr/share/texlive/texmf-dist/tex/context/base/mkii/supp-pdf.mkii
[Loading MPS to PDF converter (version 2006.09.02).]
\scratchcounter=\count344
\scratchdimen=\dimen277
\scratchbox=\box74
\nofMPsegments=\count345
\nofMParguments=\count346
\everyMPshowfont=\toks47
\MPscratchCnt=\count347
\MPscratchDim=\dimen278
\MPnumerator=\count348
\makeMPintoPDFobject=\count349
\everyMPtoPDFconversion=\toks48
) (/usr/share/texlive/texmf-dist/tex/latex/epstopdf-pkg/epstopdf-base.sty
Package: epstopdf-base 2020-01-24 v2.11 Base part for package epstopdf
Package epstopdf-base Info: Redefining graphics rule for `.eps' on input line 48
5.

(/usr/share/texlive/texmf-dist/tex/latex/latexconfig/epstopdf-sys.cfg
File: epstopdf-sys.cfg 2010/07/13 v1.3 Configuration of (r)epstopdf for TeX Live

))
ABD: EveryShipout initializing macros
*geometry* driver: auto-detecting
*geometry* detected driver: luatex
*geometry* verbose mode - [ preamble ] result:
* driver: luatex
* paper: letterpaper
* layout: <same size as paper>
* layoutoffset:(h,v)=(0.0pt,0.0pt)
* modes: twoside 
* h-part:(L,W,R)=(92.14519pt, 430.00462pt, 92.14519pt)
* v-part:(T,H,B)=(95.39737pt, 556.47656pt, 143.09605pt)
* \paperwidth=614.295pt
* \paperheight=794.96999pt
* \textwidth=390.0pt
* \textheight=548.5pt
* \oddsidemargin=17.0pt
* \evensidemargin=62.0pt
* \topmargin=17.0pt
* \headheight=12.0pt
* \headsep=25.0pt
* \topskip=12.0pt
* \footskip=30.0pt
* \marginparwidth=95.0pt
* \marginparsep=10.0pt
* \columnsep=10.0pt
* \skip\footins=10.8pt plus 4.0pt minus 2.0pt
* \hoffset=0.0pt
* \voffset=0.0pt
* \mag=1000
* \@twocolumnfalse
* \@twosidetrue
* \@mparswitchtrue
* \@reversemarginfalse
* (1in=72.27pt=25.4mm, 1cm=28.453pt)

*geometry* verbose mode - [ newgeometry ] result:
* driver: luatex
* paper: letterpaper
* layout: <same size as paper>
* layoutoffset:(h,v)=(0.0pt,0.0pt)
* modes: 
* h-part:(L,W,R)=(108.405pt, 397.485pt, 108.405pt)
* v-part:(T,H,B)=(72.26999pt, 650.43001pt, 72.26999pt)
* \paperwidth=614.295pt
* \paperheight=794.96999pt
* \textwidth=397.485pt
* \textheight=650.43001pt
* \oddsidemargin=36.13501pt
* \evensidemargin=36.13501pt
* \topmargin=-37.0pt
* \headheight=12.0pt
* \headsep=25.0pt
* \topskip=12.0pt
* \footskip=30.0pt
* \marginparwidth=95.0pt
* \marginparsep=10.0pt
* \columnsep=10.0pt
* \skip\footins=10.8pt plus 4.0pt minus 2.0pt
* \hoffset=0.0pt
* \voffset=0.0pt
* \mag=1000
* \@twocolumnfalse
* \@twosidefalse
* \@mparswitchfalse
* \@reversemarginfalse
* (1in=72.27pt=25.4mm, 1cm=28.453pt)


Package geometry Warning: Over-specification in `h'-direction.
    `width' (469.75499pt) is ignored.

*geometry* verbose mode - [ newgeometry ] result:
* driver: luatex
* paper: letterpaper
* layout: <same size as paper>
* layoutoffset:(h,v)=(0.0pt,0.0pt)
* modes: 
* h-part:(L,W,R)=(72.26999pt, 469.75502pt, 72.26999pt)
* v-part:(T,H,B)=(72.26999pt, 650.43001pt, 72.26999pt)
* \paperwidth=614.295pt
* \paperheight=794.96999pt
* \textwidth=469.75502pt
* \textheight=650.43001pt
* \oddsidemargin=0.0pt
* \evensidemargin=0.0pt
* \topmargin=-37.0pt
* \headheight=12.0pt
* \headsep=25.0pt
* \topskip=12.0pt
* \footskip=30.0pt
* \marginparwidth=95.0pt
* \marginparsep=10.0pt
* \columnsep=10.0pt
* \skip\footins=10.8pt plus 4.0pt minus 2.0pt
* \hoffset=0.0pt
* \voffset=0.0pt
* \mag=1000
* \@twocolumnfalse
* \@twosidefalse
* \@mparswitchfalse
* \@reversemarginfalse
* (1in=72.27pt=25.4mm, 1cm=28.453pt)

LaTeX Font Info:    Trying to load font information for T1+fos on input line 273
.
LaTeX Font Info:    No file T1fos.fd. on input line 273.

LaTeX Font Warning: Font shape `T1/fos/m/n' undefined
(Font)              using `T1/cmr/m/n' instead on input line 273.


LaTeX Font Warning: Font shape `T1/fos/m/n' in size <22> not available
(Font)              size <20.74> substituted on input line 273.


LaTeX Font Warning: Font shape `T1/fos/b/n' undefined
(Font)              using `T1/fos/m/n' instead on input line 273.


LaTeX Font Warning: Font shape `T1/fos/b/n' in size <22> not available
(Font)              size <20.74> substituted on input line 273.


LaTeX Font Warning: Font shape `T1/fos/b/n' in size <16> not available
(Font)              size <17.28> substituted on input line 273.

Package epstopdf Info: Source file: <Green Cover-2019-02-ARL.eps>
(epstopdf)                    date: 2021-01-26 09:40:07
(epstopdf)                    size: 380615 bytes
(epstopdf)             Output file: <Green Cover-2019-02-ARL-eps-converted-to.pd
f>
(epstopdf)                    date: 2021-01-26 09:40:07
(epstopdf)                    size: 156670 bytes
(epstopdf)             Command: <repstopdf --outfile=Green Cover-2019-02-ARL-eps
-converted-to.pdf Green Cover-2019-02-ARL.eps>
(epstopdf)             \includegraphics on input line 273.
Package epstopdf Info: Output file is already uptodate.
<Green Cover-2019-02-ARL-eps-converted-to.pdf, id=4, 614.295pt x 794.97pt>
File: Green Cover-2019-02-ARL-eps-converted-to.pdf Graphic file (type pdf)
<use Green Cover-2019-02-ARL-eps-converted-to.pdf>
Package luatex.def Info: Green Cover-2019-02-ARL-eps-converted-to.pdf  used on i
nput line 273.
(luatex.def)             Requested size: 614.33098pt x 794.99231pt.
LaTeX Font Info:    Trying to load font information for U+msa on input line 273.

(/usr/share/texlive/texmf-dist/tex/latex/amsfonts/umsa.fd
File: umsa.fd 2013/01/14 v3.01 AMS symbols A
)
LaTeX Font Info:    Trying to load font information for U+msb on input line 273.


(/usr/share/texlive/texmf-dist/tex/latex/amsfonts/umsb.fd
File: umsb.fd 2013/01/14 v3.01 AMS symbols B
)
LaTeX Font Info:    Trying to load font information for U+stmry on input line 27
3.

(/usr/share/texlive/texmf-dist/tex/latex/stmaryrd/Ustmry.fd) [1.1{/var/lib/texmf
/fonts/map/pdftex/updmap/pdftex.map}



<./Green Cover-2019-02-ARL-eps-converted-to.pdf>]

Package geometry Warning: Over-specification in `h'-direction.
    `width' (397.48499pt) is ignored.

*geometry* verbose mode - [ newgeometry ] result:
* driver: luatex
* paper: letterpaper
* layout: <same size as paper>
* layoutoffset:(h,v)=(0.0pt,0.0pt)
* modes: 
* h-part:(L,W,R)=(108.405pt, 397.485pt, 108.405pt)
* v-part:(T,H,B)=(72.26999pt, 650.43001pt, 72.26999pt)
* \paperwidth=614.295pt
* \paperheight=794.96999pt
* \textwidth=397.485pt
* \textheight=650.43001pt
* \oddsidemargin=36.13501pt
* \evensidemargin=36.13501pt
* \topmargin=-37.0pt
* \headheight=12.0pt
* \headsep=25.0pt
* \topskip=12.0pt
* \footskip=30.0pt
* \marginparwidth=95.0pt
* \marginparsep=10.0pt
* \columnsep=10.0pt
* \skip\footins=10.8pt plus 4.0pt minus 2.0pt
* \hoffset=0.0pt
* \voffset=0.0pt
* \mag=1000
* \@twocolumnfalse
* \@twosidefalse
* \@mparswitchfalse
* \@reversemarginfalse
* (1in=72.27pt=25.4mm, 1cm=28.453pt)

[2.2


]

Package geometry Warning: Over-specification in `h'-direction.
    `width' (469.75499pt) is ignored.

*geometry* verbose mode - [ newgeometry ] result:
* driver: luatex
* paper: letterpaper
* layout: <same size as paper>
* layoutoffset:(h,v)=(0.0pt,0.0pt)
* modes: 
* h-part:(L,W,R)=(72.26999pt, 469.75502pt, 72.26999pt)
* v-part:(T,H,B)=(72.26999pt, 650.43001pt, 72.26999pt)
* \paperwidth=614.295pt
* \paperheight=794.96999pt
* \textwidth=469.75502pt
* \textheight=650.43001pt
* \oddsidemargin=0.0pt
* \evensidemargin=0.0pt
* \topmargin=-37.0pt
* \headheight=12.0pt
* \headsep=25.0pt
* \topskip=12.0pt
* \footskip=30.0pt
* \marginparwidth=95.0pt
* \marginparsep=10.0pt
* \columnsep=10.0pt
* \skip\footins=10.8pt plus 4.0pt minus 2.0pt
* \hoffset=0.0pt
* \voffset=0.0pt
* \mag=1000
* \@twocolumnfalse
* \@twosidefalse
* \@mparswitchfalse
* \@reversemarginfalse
* (1in=72.27pt=25.4mm, 1cm=28.453pt)


LaTeX Font Warning: Font shape `T1/fos/b/it' undefined
(Font)              using `T1/fos/b/n' instead on input line 278.

<CCDC_ARL only_RGB_Positive.pdf, id=28, 298.716pt x 103.1052pt>
File: CCDC_ARL only_RGB_Positive.pdf Graphic file (type pdf)
<use CCDC_ARL only_RGB_Positive.pdf>
Package luatex.def Info: CCDC_ARL only_RGB_Positive.pdf  used on input line 278.

(luatex.def)             Requested size: 166.2212pt x 57.37508pt.
[1.3



<./CCDC_ARL only_RGB_Positive.pdf>]
<SF298.pdf, id=37, 614.295pt x 794.97pt>
File: SF298.pdf Graphic file (type pdf)
<use SF298.pdf>
Package luatex.def Info: SF298.pdf  used on input line 281.
(luatex.def)             Requested size: 614.29349pt x 794.96806pt.

Overfull \hbox (139.35468pt too wide) in paragraph at lines 316--316
 [][] 
 []

[2.4


<./SF298.pdf>]

Package geometry Warning: Over-specification in `h'-direction.
    `width' (397.48499pt) is ignored.

*geometry* verbose mode - [ newgeometry ] result:
* driver: luatex
* paper: letterpaper
* layout: <same size as paper>
* layoutoffset:(h,v)=(0.0pt,0.0pt)
* modes: 
* h-part:(L,W,R)=(108.405pt, 397.485pt, 108.405pt)
* v-part:(T,H,B)=(72.26999pt, 640.43001pt, 82.26999pt)
* \paperwidth=614.295pt
* \paperheight=794.96999pt
* \textwidth=397.485pt
* \textheight=640.43001pt
* \oddsidemargin=36.13501pt
* \evensidemargin=36.13501pt
* \topmargin=-37.0pt
* \headheight=12.0pt
* \headsep=25.0pt
* \topskip=12.0pt
* \footskip=40.0pt
* \marginparwidth=95.0pt
* \marginparsep=10.0pt
* \columnsep=10.0pt
* \skip\footins=10.8pt plus 4.0pt minus 2.0pt
* \hoffset=0.0pt
* \voffset=0.0pt
* \mag=1000
* \@twocolumnfalse
* \@twosidefalse
* \@mparswitchfalse
* \@reversemarginfalse
* (1in=72.27pt=25.4mm, 1cm=28.453pt)

(./dodec.toc [3.5


]

LaTeX Font Warning: Font shape `U/stmry/b/n' undefined
(Font)              using `U/stmry/m/n' instead on input line 37.

[4.6] [5.7])
\tf@toc=\write4

\openout4 = dodec.toc
 [6.8] (./dodec.lof
LaTeX Font Info:    Trying to load font information for T1+pcr on input line 1.

(/usr/share/texlive/texmf-dist/tex/latex/psnfss/t1pcr.fd
File: t1pcr.fd 2001/06/04 font definitions for T1/pcr.
) [7.9

] [8.10] [9.11]
[10.12] [11.13])
\tf@lof=\write5

\openout5 = dodec.lof
 [12.14] (./dodec.lot)
\tf@lot=\write6

\openout6 = dodec.lot
 [13.15] [14.16] [15.17

]
\openout2 = partIntroduction.aux

(./partIntroduction.tex [1.18


]
<figures/shockWaveInTorso.png, id=164, 469.755pt x 578.16pt>
File: figures/shockWaveInTorso.png Graphic file (type png)
<use figures/shockWaveInTorso.png>
Package luatex.def Info: figures/shockWaveInTorso.png  used on input line 12.
(luatex.def)             Requested size: 377.60953pt x 464.75177pt.
<figures/theRespiratorySystem.png, id=165, 760.8425pt x 812.03375pt>
File: figures/theRespiratorySystem.png Graphic file (type png)
<use figures/theRespiratorySystem.png>
Package luatex.def Info: figures/theRespiratorySystem.png  used on input line 21
.
(luatex.def)             Requested size: 278.23828pt x 296.96602pt.
<figures/lungInjuryResultingFromBlast.png, id=166, 967.615pt x 571.13374pt>
File: figures/lungInjuryResultingFromBlast.png Graphic file (type png)
<use figures/lungInjuryResultingFromBlast.png>
Package luatex.def Info: figures/lungInjuryResultingFromBlast.png  used on input
 line 28.
(luatex.def)             Requested size: 278.23828pt x 164.23018pt.
 [2.19] [3.20<./figures/shockWaveInTorso.png>]
[4.21<./figures/theRespiratorySystem.png><./figures/LungInjuryResultingFromBlast
.png>] [5.22]
<figures/ratLung100X.jpg, id=185, 913.63556pt x 660.24445pt>
File: figures/ratLung100X.jpg Graphic file (type jpg)
<use figures/ratLung100X.jpg>
Package luatex.def Info: figures/ratLung100X.jpg  used on input line 58.
(luatex.def)             Requested size: 178.86703pt x 129.2559pt.
<figures/ratLung750X.jpg, id=186, 913.63556pt x 660.24445pt>
File: figures/ratLung750X.jpg Graphic file (type jpg)
<use figures/ratLung750X.jpg>
Package luatex.def Info: figures/ratLung750X.jpg  used on input line 63.
(luatex.def)             Requested size: 178.86703pt x 129.2559pt.
<figures/edemaDamage.png, id=187, 287.6346pt x 225.4824pt>
File: figures/edemaDamage.png Graphic file (type png)
<use figures/edemaDamage.png>
Package luatex.def Info: figures/edemaDamage.png  used on input line 75.
(luatex.def)             Requested size: 119.2467pt x 93.47711pt.

Underfull \hbox (badness 10000) in paragraph at lines 75--75
[]\T1/ptm/m/n/10 (a) Im-muno-his-to-chem-i-cal
 []


Underfull \hbox (badness 10000) in paragraph at lines 75--75
\T1/ptm/m/n/10 stain-ing for hemoglobin
 []

<figures/septalDamage.png, id=188, 250.7769pt x 194.4063pt>
File: figures/septalDamage.png Graphic file (type png)
<use figures/septalDamage.png>
Package luatex.def Info: figures/septalDamage.png  used on input line 80.
(luatex.def)             Requested size: 119.2467pt x 92.44183pt.

Underfull \hbox (badness 10000) in paragraph at lines 80--80
[]\T1/ptm/m/n/10 (b) Histopathol-ogy im-age
 []


Underfull \hbox (badness 10000) in paragraph at lines 80--80
\T1/ptm/m/n/10 show-ing tear-ing of sep-tal
 []

<figures/alveolarDamage.png, id=189, 198.7425pt x 141.6492pt>
File: figures/alveolarDamage.png Graphic file (type png)
<use figures/alveolarDamage.png>
Package luatex.def Info: figures/alveolarDamage.png  used on input line 85.
(luatex.def)             Requested size: 119.2467pt x 84.99232pt.
[6.23] [7.24<./figures/ratLung100X.jpg><./figures/ratLung750X.jpg><./figures/ede
maDamage.png><./figures/septalDamage.png><./figures/alveolarDamage.png>]
[8.25]) [9.26] [10.27]
\openout2 = partDodecahedron.aux
 (./partDodecahedron.tex [11.28


]
<figures/dodecahedron.png, id=213, 478.78876pt x 437.635pt>
File: figures/dodecahedron.png Graphic file (type png)
<use figures/dodecahedron.png>
Package luatex.def Info: figures/dodecahedron.png  used on input line 17.
(luatex.def)             Requested size: 178.86703pt x 163.49168pt.
<figures/dodecahedronVertices.jpg, id=214, 1208.515pt x 1098.1025pt>
File: figures/dodecahedronVertices.jpg Graphic file (type jpg)
<use figures/dodecahedronVertices.jpg>
Package luatex.def Info: figures/dodecahedronVertices.jpg  used on input line 22
.
(luatex.def)             Requested size: 178.86703pt x 162.51328pt.
 [12.29<./figures/dodecahedron.png><./figures/dodecahedronVertices.jpg>] [13.30
] [14.31]
<figures/regPentagon.png, id=232, 319.1925pt x 355.3275pt>
File: figures/regPentagon.png Graphic file (type png)
<use figures/regPentagon.png>
Package luatex.def Info: figures/regPentagon.png  used on input line 156.
(luatex.def)             Requested size: 170.71652pt x 190.0414pt.
 [15.32]
[16.33<./figures/regPentagon.png>] [17.34]
<figures/septalLength.jpg, id=243, 794.97pt x 614.295pt>
File: figures/septalLength.jpg Graphic file (type jpg)
<use figures/septalLength.jpg>
Package luatex.def Info: figures/septalLength.jpg  used on input line 228.
(luatex.def)             Requested size: 178.86703pt x 138.2104pt.
<figures/alveolarDiaHistogram.jpg, id=244, 433.62pt x 289.08pt>
File: figures/alveolarDiaHistogram.jpg Graphic file (type jpg)
<use figures/alveolarDiaHistogram.jpg>
Package luatex.def Info: figures/alveolarDiaHistogram.jpg  used on input line 23
3.
(luatex.def)             Requested size: 198.7425pt x 132.4976pt.
LaTeX Font Info:    Trying to load font information for TS1+ptm on input line 23
8.

(/usr/share/texlive/texmf-dist/tex/latex/psnfss/ts1ptm.fd
File: ts1ptm.fd 2001/06/04 font definitions for TS1/ptm.
) [18.35<./figures/septalLength.jpg><./figures/alveolarDiaHistogram.jpg>]
Underfull \hbox (badness 10000) in paragraph at lines 267--267
[][]\T1/ptm/m/n/10 Col-ins, KD. ``Cayley-Menger De-ter-mi-nant.'' MathWorld--A 
Wol-fram Web Re-
 []


Underfull \hbox (badness 4378) in paragraph at lines 267--267
\T1/ptm/m/n/10 source, cre-ated by Eric W Weis-stein. \T1/pcr/m/n/10 http://math
world.wolfram.com/Cayley-
 []

[19.36] [20.37] [21.38]
<figures/chord.png, id=257, 606.265pt x 416.55624pt>
File: figures/chord.png Graphic file (type png)
<use figures/chord.png>
Package luatex.def Info: figures/chord.png  used on input line 381.
(luatex.def)             Requested size: 227.62204pt x 156.39888pt.
<figures/pentagonCoord.png, id=258, 600.2425pt x 420.57124pt>
File: figures/pentagonCoord.png Graphic file (type png)
<use figures/pentagonCoord.png>
Package luatex.def Info: figures/pentagonCoord.png  used on input line 388.
(luatex.def)             Requested size: 227.62204pt x 159.48503pt.
<figures/tetrahedronCoord.png, id=259, 575.14874pt x 329.23pt>
File: figures/tetrahedronCoord.png Graphic file (type png)
<use figures/tetrahedronCoord.png>
Package luatex.def Info: figures/tetrahedronCoord.png  used on input line 395.
(luatex.def)             Requested size: 227.62204pt x 130.29811pt.
) [22.39<./figures/chord.png>] [23.40<./figures/pentagonCoord.png><./figures/tet
rahedronCoord.png>]
\openout2 = partKinematics.aux
 (./partKinematics.tex [24.41


]
[25.42] [26.43] [27.44] [28.45]
<figures/shapeFunction.jpg, id=287, 867.24pt x 578.16pt>
File: figures/shapeFunction.jpg Graphic file (type jpg)
<use figures/shapeFunction.jpg>
Package luatex.def Info: figures/shapeFunction.jpg  used on input line 175.
(luatex.def)             Requested size: 357.73407pt x 238.49394pt.
 [29.46]
LaTeX Font Info:    Trying to load font information for U+euf on input line 256.


(/usr/share/texlive/texmf-dist/tex/latex/amsfonts/ueuf.fd
File: ueuf.fd 2013/01/14 v3.01 Euler Fraktur
) [30.47<./figures/shapeFunction.jpg>] [31.48]
Overfull \hbox (1.74031pt too wide) in paragraph at lines 309--312
[]\T1/ptm/m/n/12 From the above ma-tri-ces, one can con-struct the de-for-ma-tio
n gra-di-ent $[] \U/matha/m/n/12  B[]{B\OT1/cmr/bx/n/12 x[] \U/matha/m/n/12 
 []

[32.49] [33.50] [34.51] [35.52]
<figures/deformation.png, id=311, 707.64375pt x 326.21875pt>
File: figures/deformation.png Graphic file (type png)
<use figures/deformation.png>
Package luatex.def Info: figures/deformation.png  used on input line 532.
(luatex.def)             Requested size: 227.62204pt x 104.92972pt.
 [36.53<./figures/deformation.png>]
<figures/figDilemma.png, id=316, 619.31375pt x 525.965pt>
File: figures/figDilemma.png Graphic file (type png)
<use figures/figDilemma.png>
Package luatex.def Info: figures/figDilemma.png  used on input line 593.
(luatex.def)             Requested size: 198.7425pt x 168.78574pt.
 [37.54]
[38.55<./figures/figDilemma.png>]
<figures/figF.png, id=324, 484.81125pt x 497.86pt>
File: figures/figF.png Graphic file (type png)
<use figures/figF.png>
Package luatex.def Info: figures/figF.png  used on input line 658.
(luatex.def)             Requested size: 119.2467pt x 122.45155pt.
 [39.56<./figures/figF.png>] [40.57]
Overfull \hbox (1.44708pt too wide) in paragraph at lines 716--719
\T1/ptm/m/n/12 quire-ment from thermo-dynamics.[] Here $\OML/cmm/m/it/12 $ \T1
/ptm/m/n/12 de-notes a di-la-tion (uni-form areal stretch),
 []

[41.58] [42.59] [43.60] [44.61] [45.62] [46.63] [47.64]
<figures/dilatation.jpg, id=355, 867.24pt x 361.35pt>
File: figures/dilatation.jpg Graphic file (type jpg)
<use figures/dilatation.jpg>
Package luatex.def Info: figures/dilatation.jpg  used on input line 999.
(luatex.def)             Requested size: 397.485pt x 165.62201pt.
 [48.65<./figures/dilatation.jpg>]
<figures/dilatationGeoVsThermo.jpg, id=360, 867.24pt x 361.35pt>
File: figures/dilatationGeoVsThermo.jpg Graphic file (type jpg)
<use figures/dilatationGeoVsThermo.jpg>
Package luatex.def Info: figures/dilatationGeoVsThermo.jpg  used on input line 1
010.
(luatex.def)             Requested size: 397.485pt x 165.62201pt.
 [49.66<./figures/dilatationGeoVsThermo.jpg>]
<figures/isochoric.jpg, id=364, 433.62pt x 361.35pt>
File: figures/isochoric.jpg Graphic file (type jpg)
<use figures/isochoric.jpg>
Package luatex.def Info: figures/isochoric.jpg  used on input line 1023.
(luatex.def)             Requested size: 284.52756pt x 237.1188pt.
<figures/squeeze12.jpg, id=365, 867.24pt x 361.35pt>
File: figures/squeeze12.jpg Graphic file (type jpg)
<use figures/squeeze12.jpg>
Package luatex.def Info: figures/squeeze12.jpg  used on input line 1034.
(luatex.def)             Requested size: 397.485pt x 165.62201pt.
<figures/squeeze23.jpg, id=366, 867.24pt x 361.35pt>
File: figures/squeeze23.jpg Graphic file (type jpg)
<use figures/squeeze23.jpg>
Package luatex.def Info: figures/squeeze23.jpg  used on input line 1035.
(luatex.def)             Requested size: 397.485pt x 165.62201pt.
<figures/squeeze13.jpg, id=367, 867.24pt x 361.35pt>
File: figures/squeeze13.jpg Graphic file (type jpg)
<use figures/squeeze13.jpg>
Package luatex.def Info: figures/squeeze13.jpg  used on input line 1036.
(luatex.def)             Requested size: 397.485pt x 165.62201pt.
 [50.67<./figures/isochoric.jpg>] [51.68<./figures/squeeze12.jpg><./figures/sque
eze23.jpg><./figures/squeeze13.jpg>]
<figures/shear12.jpg, id=374, 867.24pt x 361.35pt>
File: figures/shear12.jpg Graphic file (type jpg)
<use figures/shear12.jpg>
Package luatex.def Info: figures/shear12.jpg  used on input line 1047.
(luatex.def)             Requested size: 397.485pt x 165.62201pt.
<figures/shear23.jpg, id=375, 867.24pt x 361.35pt>
File: figures/shear23.jpg Graphic file (type jpg)
<use figures/shear23.jpg>
Package luatex.def Info: figures/shear23.jpg  used on input line 1048.
(luatex.def)             Requested size: 397.485pt x 165.62201pt.
<figures/shear13.jpg, id=376, 867.24pt x 361.35pt>
File: figures/shear13.jpg Graphic file (type jpg)
<use figures/shear13.jpg>
Package luatex.def Info: figures/shear13.jpg  used on input line 1049.
(luatex.def)             Requested size: 397.485pt x 165.62201pt.
 [52.69] [53.70<./figures/shear12.jpg><./figures/shear23.jpg><./figures/shear13.
jpg>]
<figures/pentagonalPureShear12.jpg, id=383, 1300.86pt x 361.35pt>
File: figures/pentagonalPureShear12.jpg Graphic file (type jpg)
<use figures/pentagonalPureShear12.jpg>
Package luatex.def Info: figures/pentagonalPureShear12.jpg  used on input line 1
068.
(luatex.def)             Requested size: 397.485pt x 110.41284pt.
<figures/pentagonalPureShear23.jpg, id=384, 1300.86pt x 361.35pt>
File: figures/pentagonalPureShear23.jpg Graphic file (type jpg)
<use figures/pentagonalPureShear23.jpg>
Package luatex.def Info: figures/pentagonalPureShear23.jpg  used on input line 1
069.
(luatex.def)             Requested size: 397.485pt x 110.41284pt.
<figures/pentagonalPureShear13.jpg, id=385, 1300.86pt x 361.35pt>
File: figures/pentagonalPureShear13.jpg Graphic file (type jpg)
<use figures/pentagonalPureShear13.jpg>
Package luatex.def Info: figures/pentagonalPureShear13.jpg  used on input line 1
070.
(luatex.def)             Requested size: 397.485pt x 110.41284pt.
<figures/pentagonalSimpleShear12.jpg, id=386, 1300.86pt x 361.35pt>
File: figures/pentagonalSimpleShear12.jpg Graphic file (type jpg)
<use figures/pentagonalSimpleShear12.jpg>
Package luatex.def Info: figures/pentagonalSimpleShear12.jpg  used on input line
 1077.
(luatex.def)             Requested size: 397.485pt x 110.41284pt.
<figures/pentagonalSimpleShear23.jpg, id=387, 1300.86pt x 361.35pt>
File: figures/pentagonalSimpleShear23.jpg Graphic file (type jpg)
<use figures/pentagonalSimpleShear23.jpg>
Package luatex.def Info: figures/pentagonalSimpleShear23.jpg  used on input line
 1078.
(luatex.def)             Requested size: 397.485pt x 110.41284pt.
<figures/pentagonalSimpleShear13.jpg, id=388, 1300.86pt x 361.35pt>
File: figures/pentagonalSimpleShear13.jpg Graphic file (type jpg)
<use figures/pentagonalSimpleShear13.jpg>
Package luatex.def Info: figures/pentagonalSimpleShear13.jpg  used on input line
 1079.
(luatex.def)             Requested size: 397.485pt x 110.41284pt.
<figures/continuousShearWithPivot1.jpg, id=389, 1445.4pt x 361.35pt>
File: figures/continuousShearWithPivot1.jpg Graphic file (type jpg)
<use figures/continuousShearWithPivot1.jpg>
Package luatex.def Info: figures/continuousShearWithPivot1.jpg  used on input li
ne 1092.
(luatex.def)             Requested size: 397.485pt x 99.36879pt.
<figures/continuousShearNoPivot1.jpg, id=390, 1445.4pt x 361.35pt>
File: figures/continuousShearNoPivot1.jpg Graphic file (type jpg)
<use figures/continuousShearNoPivot1.jpg>
Package luatex.def Info: figures/continuousShearNoPivot1.jpg  used on input line
 1093.
(luatex.def)             Requested size: 397.485pt x 99.36879pt.
<figures/continuousShearWithPivot3.jpg, id=391, 1445.4pt x 361.35pt>
File: figures/continuousShearWithPivot3.jpg Graphic file (type jpg)
<use figures/continuousShearWithPivot3.jpg>
Package luatex.def Info: figures/continuousShearWithPivot3.jpg  used on input li
ne 1100.
(luatex.def)             Requested size: 397.485pt x 99.36879pt.
<figures/continuousShearNoPivot3.jpg, id=392, 1445.4pt x 361.35pt>
File: figures/continuousShearNoPivot3.jpg Graphic file (type jpg)
<use figures/continuousShearNoPivot3.jpg>
Package luatex.def Info: figures/continuousShearNoPivot3.jpg  used on input line
 1101.
(luatex.def)             Requested size: 397.485pt x 99.36879pt.
 [54.71] [55.72<./figures/pentagonalPureShear12.jpg><./figures/pentagonalPureShe
ar23.jpg><./figures/pentagonalPureShear13.jpg>] [56.73<./figures/pentagonalSimpl
eShear12.jpg><./figures/pentagonalSimpleShear23.jpg><./figures/pentagonalSimpleS
hear13.jpg>] [57.74<./figures/continuousShearWithPivot1.jpg><./figures/continuou
sShearNoPivot1.jpg><./figures/continuousShearWithPivot3.jpg><./figures/continuou
sShearNoPivot3.jpg>]
<figures/compatibilityDilatation.jpg, id=406, 939.51pt x 433.62pt>
File: figures/compatibilityDilatation.jpg Graphic file (type jpg)
<use figures/compatibilityDilatation.jpg>
Package luatex.def Info: figures/compatibilityDilatation.jpg  used on input line
 1114.
(luatex.def)             Requested size: 397.485pt x 183.45569pt.
<figures/compatibilityPureShearP5G7.jpg, id=407, 939.51pt x 433.62pt>
File: figures/compatibilityPureShearP5G7.jpg Graphic file (type jpg)
<use figures/compatibilityPureShearP5G7.jpg>
Package luatex.def Info: figures/compatibilityPureShearP5G7.jpg  used on input l
ine 1123.
(luatex.def)             Requested size: 397.485pt x 183.45569pt.
<figures/compatibilityPureShearP5G5.jpg, id=408, 939.51pt x 433.62pt>
File: figures/compatibilityPureShearP5G5.jpg Graphic file (type jpg)
<use figures/compatibilityPureShearP5G5.jpg>
Package luatex.def Info: figures/compatibilityPureShearP5G5.jpg  used on input l
ine 1124.
(luatex.def)             Requested size: 397.485pt x 183.45569pt.
 [58.75<./figures/compatibilityDilatation.jpg>]
<figures/compatibilitySimpleShearP5G7.jpg, id=413, 939.51pt x 433.62pt>
File: figures/compatibilitySimpleShearP5G7.jpg Graphic file (type jpg)
<use figures/compatibilitySimpleShearP5G7.jpg>
Package luatex.def Info: figures/compatibilitySimpleShearP5G7.jpg  used on input
 line 1131.
(luatex.def)             Requested size: 397.485pt x 183.45569pt.
<figures/compatibilitySimpleShearP5G5.jpg, id=414, 939.51pt x 433.62pt>
File: figures/compatibilitySimpleShearP5G5.jpg Graphic file (type jpg)
<use figures/compatibilitySimpleShearP5G5.jpg>
Package luatex.def Info: figures/compatibilitySimpleShearP5G5.jpg  used on input
 line 1132.
(luatex.def)             Requested size: 397.485pt x 183.45569pt.
) [59.76] [60.77<./figures/compatibilityPureShearP5G7.jpg><./figures/compatibili
tyPureShearP5G5.jpg>] [61.78<./figures/compatibilitySimpleShearP5G7.jpg><./figur
es/compatibilitySimpleShearP5G5.jpg>]
\openout2 = partConstitutiveTheory.aux

(./partConstitutiveTheory.tex [62.79


] [63.80] [64.81] [65.82] [66.83] [67.84]
[68.85] [69.86] [70.87] [71.88] [72.89] [73.90] [74.91] [75.92] [76.93]
[77.94]
Overfull \hbox (6.07304pt too wide) detected at line 691
[] \U/matha/m/n/10  [] []
 []


Overfull \hbox (1.03868pt too wide) detected at line 753
 []$[] \U/matha/m/n/10  [] []  $ 
 []

[78.95] [79.96] [80.97] [81.98] [82.99]
Overfull \hbox (0.3334pt too wide) in paragraph at lines 947--948
[]\T1/ptm/m/it/12 Sec-ond\T1/ptm/m/n/12 : Tis-sues that com-pose lung are visco-
elastic[] mix-tures of col-la-gen, elastin,
 []

[83.100] [84.101] [85.102]
<figures/collagenFiberDiaHistogram.jpg, id=501, 433.62pt x 289.08pt>
File: figures/collagenFiberDiaHistogram.jpg Graphic file (type jpg)
<use figures/collagenFiberDiaHistogram.jpg>
Package luatex.def Info: figures/collagenFiberDiaHistogram.jpg  used on input li
ne 1005.
(luatex.def)             Requested size: 188.8078pt x 125.87228pt.
<figures/elastinFiberDiaHistogram.jpg, id=502, 433.62pt x 289.08pt>
File: figures/elastinFiberDiaHistogram.jpg Graphic file (type jpg)
<use figures/elastinFiberDiaHistogram.jpg>
Package luatex.def Info: figures/elastinFiberDiaHistogram.jpg  used on input lin
e 1010.
(luatex.def)             Requested size: 188.8078pt x 125.87228pt.
 [86.103<./figures/collagenFiberDiaHistogram.jpg><./figures/elastinFiberDiaHisto
gram.jpg>] [87.104] [88.105] [89.106] [90.107]
[91.108] [92.109] [93.110]
<figures/bioFibers5.jpg, id=527, 1156.32pt x 1156.32pt>
File: figures/bioFibers5.jpg Graphic file (type jpg)
<use figures/bioFibers5.jpg>
Package luatex.def Info: figures/bioFibers5.jpg  used on input line 1303.
(luatex.def)             Requested size: 397.485pt x 397.48402pt.
 [94.111] [95.112<./figures/bioFibers5.jpg>]
<figures/bioFibers10.jpg, id=535, 1734.48pt x 361.35pt>
File: figures/bioFibers10.jpg Graphic file (type jpg)
<use figures/bioFibers10.jpg>
Package luatex.def Info: figures/bioFibers10.jpg  used on input line 1314.
(luatex.def)             Requested size: 476.98077pt x 99.36879pt.
<figures/bioFibers20.jpg, id=536, 1734.48pt x 361.35pt>
File: figures/bioFibers20.jpg Graphic file (type jpg)
<use figures/bioFibers20.jpg>
Package luatex.def Info: figures/bioFibers20.jpg  used on input line 1316.
(luatex.def)             Requested size: 476.98077pt x 99.36879pt.
<figures/bioFibers30.jpg, id=537, 1734.48pt x 361.35pt>
File: figures/bioFibers30.jpg Graphic file (type jpg)
<use figures/bioFibers30.jpg>
Package luatex.def Info: figures/bioFibers30.jpg  used on input line 1318.
(luatex.def)             Requested size: 476.98077pt x 99.36879pt.
<figures/bioFibers40.jpg, id=538, 1734.48pt x 361.35pt>
File: figures/bioFibers40.jpg Graphic file (type jpg)
<use figures/bioFibers40.jpg>
Package luatex.def Info: figures/bioFibers40.jpg  used on input line 1320.
(luatex.def)             Requested size: 476.98077pt x 99.36879pt.

Overfull \hbox (39.09668pt too wide) in paragraph at lines 1313--1321
[][]  []
 []


Overfull \hbox (39.09668pt too wide) in paragraph at lines 1313--1321
[]  []
 []


Overfull \hbox (39.09668pt too wide) in paragraph at lines 1313--1321
[]  []
 []


Overfull \hbox (39.09668pt too wide) in paragraph at lines 1313--1321
[]  [] 
 []

<figures/septalChords10.jpg, id=539, 1589.94pt x 361.35pt>
File: figures/septalChords10.jpg Graphic file (type jpg)
<use figures/septalChords10.jpg>
Package luatex.def Info: figures/septalChords10.jpg  used on input line 1329.
(luatex.def)             Requested size: 476.98077pt x 108.40584pt.
<figures/septalChords20.jpg, id=540, 1589.94pt x 361.35pt>
File: figures/septalChords20.jpg Graphic file (type jpg)
<use figures/septalChords20.jpg>
Package luatex.def Info: figures/septalChords20.jpg  used on input line 1331.
(luatex.def)             Requested size: 476.98077pt x 108.40584pt.
<figures/septalChords30.jpg, id=541, 1589.94pt x 361.35pt>
File: figures/septalChords30.jpg Graphic file (type jpg)
<use figures/septalChords30.jpg>
Package luatex.def Info: figures/septalChords30.jpg  used on input line 1333.
(luatex.def)             Requested size: 476.98077pt x 108.40584pt.
<figures/septalChords40.jpg, id=542, 1589.94pt x 361.35pt>
File: figures/septalChords40.jpg Graphic file (type jpg)
<use figures/septalChords40.jpg>
Package luatex.def Info: figures/septalChords40.jpg  used on input line 1335.
(luatex.def)             Requested size: 476.98077pt x 108.40584pt.

Overfull \hbox (39.09668pt too wide) in paragraph at lines 1328--1336
[][]  []
 []


Overfull \hbox (39.09668pt too wide) in paragraph at lines 1328--1336
[]  []
 []


Overfull \hbox (39.09668pt too wide) in paragraph at lines 1328--1336
[]  []
 []


Overfull \hbox (39.09668pt too wide) in paragraph at lines 1328--1336
[]  [] 
 []

[96.113] [97.114<./figures/bioFibers10.jpg><./figures/bioFibers20.jpg><./figures
/bioFibers30.jpg><./figures/bioFibers40.jpg>] [98.115<./figures/septalChords10.j
pg><./figures/septalChords20.jpg><./figures/septalChords30.jpg><./figures/septal
Chords40.jpg>]
<figures/septalMembranes.jpg, id=552, 1734.48pt x 1589.94pt>
File: figures/septalMembranes.jpg Graphic file (type jpg)
<use figures/septalMembranes.jpg>
Package luatex.def Info: figures/septalMembranes.jpg  used on input line 1360.
(luatex.def)             Requested size: 516.7317pt x 473.66199pt.

Overfull \hbox (52.67488pt too wide) in paragraph at lines 1359--1361
[][]   [] 
 []

) [99.116] [100.117<./figures/septalMembranes.jpg>]
\openout2 = partNumericalIntegration.aux

(./partNumericalIntegration.tex [101.118


] [102.119] [103.120] [104.121]
Overfull \hbox (3.93639pt too wide) in paragraph at lines 230--233
\T1/ptm/m/n/12 which is a second-order method for in-te-grat-ing ve-loc-i-ties 
$[]$, and a third-order method
 []

[105.122] [106.123] [107.124] [108.125] [109.126] [110.127] [111.128] [112.129]
[113.130]) [114.131]
\openout2 = partVariationalFormulation.aux
 (./partVariationalFormulation.tex [115.132


] [116.133]
[117.134] [118.135] [119.136] [120.137] [121.138] [122.139] [123.140] [124.141]
[125.142] [126.143]

LaTeX Font Warning: Command \footnotesize invalid in math mode on input line 374
.


LaTeX Font Warning: Command \footnotesize invalid in math mode on input line 374
.

LaTeX Font Info:    Trying to load font information for U+wasy on input line 387
.
(/usr/share/texlive/texmf-dist/tex/latex/wasysym/uwasy.fd
File: uwasy.fd 2020/01/19 v2.4 Wasy-2 symbol font definitions
) [127.144] [128.145]
[129.146] [130.147]

LaTeX Font Warning: Command \tiny invalid in math mode on input line 525.


LaTeX Font Warning: Command \normalsize invalid in math mode on input line 525.


LaTeX Font Warning: Command \tiny invalid in math mode on input line 525.


LaTeX Font Warning: Command \normalsize invalid in math mode on input line 525.


LaTeX Font Warning: Command \footnotesize invalid in math mode on input line 529
.

LaTeX Font Info:    Calculating math sizes for size <> on input line 534.

LaTeX Font Warning: Font shape `OT1/cmr/m/n' in size <> not available
(Font)              size <5> substituted on input line 534.


LaTeX Font Warning: Font shape `OT1/cmr/m/n' in size <0.7> not available
(Font)              size <5> substituted on input line 534.


LaTeX Font Warning: Font shape `OT1/cmr/m/n' in size <0.5> not available
(Font)              size <5> substituted on input line 534.


LaTeX Font Warning: Font shape `OML/cmm/m/it' in size <> not available
(Font)              size <5> substituted on input line 534.


LaTeX Font Warning: Font shape `OML/cmm/m/it' in size <0.7> not available
(Font)              size <5> substituted on input line 534.


LaTeX Font Warning: Font shape `OML/cmm/m/it' in size <0.5> not available
(Font)              size <5> substituted on input line 534.


LaTeX Font Warning: Font shape `OMS/cmsy/m/n' in size <> not available
(Font)              size <5> substituted on input line 534.


LaTeX Font Warning: Font shape `OMS/cmsy/m/n' in size <0.7> not available
(Font)              size <5> substituted on input line 534.


LaTeX Font Warning: Font shape `OMS/cmsy/m/n' in size <0.5> not available
(Font)              size <5> substituted on input line 534.


LaTeX Font Warning: Font shape `OT1/cmr/bx/n' in size <> not available
(Font)              size <5> substituted on input line 534.


LaTeX Font Warning: Font shape `OT1/cmr/bx/n' in size <0.7> not available
(Font)              size <5> substituted on input line 534.


LaTeX Font Warning: Font shape `OT1/cmr/bx/n' in size <0.5> not available
(Font)              size <5> substituted on input line 534.


LaTeX Font Warning: Font shape `OT1/cmss/m/n' in size <> not available
(Font)              size <5> substituted on input line 534.


LaTeX Font Warning: Font shape `OT1/cmss/m/n' in size <0.7> not available
(Font)              size <5> substituted on input line 534.


LaTeX Font Warning: Font shape `OT1/cmss/m/n' in size <0.5> not available
(Font)              size <5> substituted on input line 534.


LaTeX Font Warning: Font shape `U/stmry/m/n' in size <> not available
(Font)              size <5> substituted on input line 534.


LaTeX Font Warning: Font shape `U/stmry/m/n' in size <0.7> not available
(Font)              size <5> substituted on input line 534.


LaTeX Font Warning: Font shape `U/stmry/m/n' in size <0.5> not available
(Font)              size <5> substituted on input line 534.


LaTeX Font Warning: Font shape `U/matha/m/n' in size <> not available
(Font)              size <5> substituted on input line 534.


LaTeX Font Warning: Font shape `U/matha/m/n' in size <0.7> not available
(Font)              size <5> substituted on input line 534.


LaTeX Font Warning: Font shape `U/matha/m/n' in size <0.5> not available
(Font)              size <5> substituted on input line 534.


LaTeX Font Warning: Font shape `U/mathb/m/n' in size <> not available
(Font)              size <5> substituted on input line 534.


LaTeX Font Warning: Font shape `U/mathb/m/n' in size <0.7> not available
(Font)              size <5> substituted on input line 534.


LaTeX Font Warning: Font shape `U/mathb/m/n' in size <0.5> not available
(Font)              size <5> substituted on input line 534.


LaTeX Font Warning: Font shape `U/mathx/m/n' in size <> not available
(Font)              size <5> substituted on input line 534.


LaTeX Font Warning: Font shape `U/mathx/m/n' in size <0.7> not available
(Font)              size <5> substituted on input line 534.


LaTeX Font Warning: Font shape `U/mathx/m/n' in size <0.5> not available
(Font)              size <5> substituted on input line 534.

[131.148] [132.149] [133.150] [134.151] [135.152] [136.153] [137.154] [138.155]
[139.156]
Overfull \hbox (2.89705pt too wide) detected at line 853
 []$[]  [][] \U/matha/m/n/10.95  [][]$ []  
 []

[140.157] [141.158] [142.159] [143.160] [144.161] [145.162] [146.163] [147.164]
[148.165] [149.166] [150.167]
Overfull \hbox (1.23077pt too wide) in paragraph at lines 1251--1252
[]\T1/ptm/m/n/12 For a pla-nar mem-brane, com-po-nents of Laplace stretch $[]$, ob-tained from a Cholesky
 []

[151.168] [152.169]
Overfull \hbox (3.8396pt too wide) in paragraph at lines 1350--1353
\T1/ptm/m/n/12 deriva-tives in the dis-place-ments, while the non-lin-ear com-po
-nents con-tain the second-
 []

[153.170] [154.171] [155.172] [156.173] [157.174] [158.175] [159.176] [160.177]
[161.178] [162.179] [163.180] [164.181] [165.182] [166.183] [167.184] [168.185]
[169.186] [170.187] [171.188] [172.189] [173.190] [174.191] [175.192] [176.193]
[177.194] [178.195] [179.196] [180.197]) [181.198]
\openout2 = partConclusions.aux
 (./partConclusions.tex
Overfull \hbox (1.50302pt too wide) in paragraph at lines 8--9
\T1/ptm/m/n/12 dynamic con-ju-gate pairs are es-tab-lished for these three ge-o-
met-ric di-men-sions. These
 []

) [182.199


] (./dodec.bbl [183.200


]
Underfull \hbox (badness 2277) in paragraph at lines 58--61
\T1/ptm/m/n/12 and im-pact load-ing. Biome-chan-ics and Mod-el-ing in Mechanobi-
ol-ogy.
 []


Underfull \hbox (badness 10000) in paragraph at lines 72--74
[]\T1/ptm/m/n/12 Stuh-miller JH. Blast in-jury: Trans-lat-ing re-search into op-
er-a-tional
 []

[184.201] [185.202] [186.203]
Underfull \hbox (badness 1502) in paragraph at lines 225--228
\T1/ptm/m/n/12 length and di-am-e-ter in ex-cised lungs. Jour-nal of Ap-plied Ph
ys-i-ol-ogy.
 []


Underfull \hbox (badness 6944) in paragraph at lines 257--260
[]\T1/ptm/m/n/12 Sobin SS, Fung YC, Tremer HM.  Col-la-gen and elastin fibers
 []


Underfull \hbox (badness 3209) in paragraph at lines 257--260
\T1/ptm/m/n/12 in hu-man pul-monary alve-o-lar walls. Jour-nal of Ap-plied Phys-
i-ol-ogy.
 []


Underfull \hbox (badness 3471) in paragraph at lines 267--270
[]\T1/ptm/m/n/12 Freed AD, le Grav-erend JB, Ra-jagopal KR.  A de-com-po-si-tion
 of
 []


Underfull \hbox (badness 10000) in paragraph at lines 267--270
\T1/ptm/m/n/12 Laplace stretch with ap-pli-ca-tions in in-elas-tic-ity. Acta Me-
chan-ica.
 []

[187.204] [188.205
Missing character: There is no  (U+2019) in font ptmr8t!
] [189.206]
Underfull \hbox (badness 1472) in paragraph at lines 397--400
\T1/ptm/m/n/12 on wave prop-a-ga-tion in ca-nine lungs. Jour-nal of Ap-plied Phy
s-i-ol-ogy.
 []

[190.207]
Underfull \hbox (badness 2150) in paragraph at lines 449--452
[]\T1/ptm/m/n/12 Aaron BB, Gosline JM.  Elastin as a random-network elas-tomer: a
 []


Underfull \hbox (badness 1931) in paragraph at lines 449--452
\T1/ptm/m/n/12 me-chan-i-cal and op-ti-cal anal-y-sis of sin-gle elastin fibers.
 Biopoly-mers.
 []


Underfull \hbox (badness 2529) in paragraph at lines 477--479
[]\T1/ptm/m/n/12 Lil-lie MA, Gosline JM.  Un-usual swelling of elastin. Biopoly-
mers.
 []

[191.208] [192.209
Missing character: There is no  (U+2010) in font ptmr8t!
] [193.210]) [194.211]
\openout2 = appImplicitElasticity.aux
 (./appImplicitElasticity.tex [195.212


] [196.213

]
Overfull \hbox (0.75046pt too wide) in paragraph at lines 36--37
[] \T1/ptm/m/n/12 that, un-der nor-mal phys-i-o-logic con-di-tions, finds force
 []

[197.214]
Overfull \hbox (6.58757pt too wide) in paragraph at lines 84--85
[]\T1/ptm/m/n/12 Upon dif-fer-en-ti-at-ing the con-sti-tu-tive equa-tions for en
-tropy and strain found in Eqs. A-
 []

[198.215] [199.216] [200.217] [201.218] [202.219] [203.220] [204.221] [205.222]
[206.223] [207.224] [208.225] [209.226] [210.227] [211.228] [212.229] [213.230]
[214.231] [215.232]) [216.233]
\openout2 = partAcronyms.aux
 (./partAcronyms.tex) [217.234



]
\itemsepSAVE=\skip147
\tempfile=\write7

\openout7 = DL_ARL-TR-XXXX.tex

(./ARL-09-02-20.dls (./blank.dls)) (./ARLstencil.dls
Underfull \hbox (badness 10000) in paragraph at lines 19--21

 []


Underfull \hbox (badness 10000) in paragraph at lines 24--67

 []

) [218.235





] (./dodec.aux (./partIntroduction.aux) (./partDodecahedron.aux)
(./partKinematics.aux) (./partConstitutiveTheory.aux)
(./partNumericalIntegration.aux) (./partVariationalFormulation.aux)
(./partConclusions.aux) (./appImplicitElasticity.aux) (./partAcronyms.aux))

LaTeX Font Warning: Size substitutions with differences
(Font)              up to 4.5pt have occurred.


LaTeX Font Warning: Some font shapes were not available, defaults substituted.

)

Here is how much of LuaTeX's memory you used:
 20198 strings out of 481315
 125171,953878 words of node,token memory allocated
 21463 words of node memory still in use:
   7 hlist, 2 vlist, 2 rule, 22 glue, 2515 kern, 68 sub_mlist, 3 glyph, 1924 att
ribute, 123 glue_spec, 1924 attribute_list, 11 write nodes
   avail lists: 1:1,2:693,3:174,4:72,5:154,6:36,7:6400,8:89,9:1407,10:28,11:498
 35829 multiletter control sequences out of 65536+600000
 226 fonts using 17159131 bytes
 60i,26n,60p,2182b,516s stack positions out of 5000i,500n,10000p,200000b,100000s
{/usr/share/texlive/texmf-dist/fonts/enc/dvips/base/8r.enc}{/usr/share/texmf/fon
ts/enc/dvips/cm-super/cm-super-t1.enc}</usr/share/texlive/texmf-dist/fonts/type1
/public/amsfonts/cm/cmbsy10.pfb></usr/share/texlive/texmf-dist/fonts/type1/publi
c/amsfonts/cmextra/cmbsy8.pfb></usr/share/texlive/texmf-dist/fonts/type1/public/
amsfonts/cm/cmbx10.pfb></usr/share/texlive/texmf-dist/fonts/type1/public/amsfont
s/cm/cmbx12.pfb></usr/share/texlive/texmf-dist/fonts/type1/public/amsfonts/cm/cm
bx8.pfb></usr/share/texlive/texmf-dist/fonts/type1/public/amsfonts/cm/cmbxti10.p
fb></usr/share/texlive/texmf-dist/fonts/type1/public/amsfonts/cm/cmmi10.pfb></us
r/share/texlive/texmf-dist/fonts/type1/public/amsfonts/cm/cmmi12.pfb></usr/share
/texlive/texmf-dist/fonts/type1/public/amsfonts/cm/cmmi6.pfb></usr/share/texlive
/texmf-dist/fonts/type1/public/amsfonts/cm/cmmi7.pfb></usr/share/texlive/texmf-d
ist/fonts/type1/public/amsfonts/cm/cmmi8.pfb></usr/share/texlive/texmf-dist/font
s/type1/public/amsfonts/cm/cmmib10.pfb></usr/share/texlive/texmf-dist/fonts/type
1/public/amsfonts/cmextra/cmmib8.pfb></usr/share/texlive/texmf-dist/fonts/type1/
public/amsfonts/cm/cmr10.pfb></usr/share/texlive/texmf-dist/fonts/type1/public/a
msfonts/cm/cmr12.pfb></usr/share/texlive/texmf-dist/fonts/type1/public/amsfonts/
cm/cmr5.pfb></usr/share/texlive/texmf-dist/fonts/type1/public/amsfonts/cm/cmr6.p
fb></usr/share/texlive/texmf-dist/fonts/type1/public/amsfonts/cm/cmr7.pfb></usr/
share/texlive/texmf-dist/fonts/type1/public/amsfonts/cm/cmr8.pfb></usr/share/tex
live/texmf-dist/fonts/type1/public/amsfonts/cm/cmss8.pfb></usr/share/texlive/tex
mf-dist/fonts/type1/public/amsfonts/cm/cmssbx10.pfb></usr/share/texlive/texmf-di
st/fonts/type1/public/amsfonts/cm/cmsy10.pfb></usr/share/texlive/texmf-dist/font
s/type1/public/amsfonts/cm/cmsy8.pfb></usr/share/texlive/texmf-dist/fonts/type1/
public/amsfonts/euler/eufm10.pfb></usr/share/texlive/texmf-dist/fonts/type1/publ
ic/mathabx-type1/matha10.pfb></usr/share/texlive/texmf-dist/fonts/type1/public/m
athabx-type1/matha12.pfb></usr/share/texlive/texmf-dist/fonts/type1/public/matha
bx-type1/matha7.pfb></usr/share/texlive/texmf-dist/fonts/type1/public/mathabx-ty
pe1/matha8.pfb></usr/share/texlive/texmf-dist/fonts/type1/public/mathabx-type1/m
athb12.pfb></usr/share/texlive/texmf-dist/fonts/type1/public/mathabx-type1/mathx
10.pfb></usr/share/texlive/texmf-dist/fonts/type1/public/amsfonts/symbols/msbm10
.pfb></usr/share/texmf/fonts/type1/public/cm-super/sfrm0900.pfb></usr/share/texm
f/fonts/type1/public/cm-super/sfrm1000.pfb></usr/share/texmf/fonts/type1/public/
cm-super/sfrm1095.pfb></usr/share/texmf/fonts/type1/public/cm-super/sfrm1200.pfb
></usr/share/texmf/fonts/type1/public/cm-super/sfrm1728.pfb></usr/share/texmf/fo
nts/type1/public/cm-super/sfrm2074.pfb></usr/share/texlive/texmf-dist/fonts/type
1/urw/courier/ucrb8a.pfb></usr/share/texlive/texmf-dist/fonts/type1/urw/courier/
ucrr8a.pfb></usr/share/texlive/texmf-dist/fonts/type1/urw/times/utmb8a.pfb></usr
/share/texlive/texmf-dist/fonts/type1/urw/times/utmbi8a.pfb></usr/share/texlive/
texmf-dist/fonts/type1/urw/times/utmr8a.pfb></usr/share/texlive/texmf-dist/fonts
/type1/urw/times/utmri8a.pfb></usr/share/texlive/texmf-dist/fonts/type1/public/w
asy-type1/wasy10.pfb>
Output written on dodec.pdf (235 pages, 9192976 bytes).

PDF statistics: 1074 PDF objects out of 1200 (max. 8388607)
 680 compressed objects within 7 object streams
 0 named destinations out of 1000 (max. 131072)
 16 words of extra memory for PDF output out of 10000 (max. 100000000)

